[INFO] 2018-05-10 18:04:37,650 AppiumController extentReportSetUp - Running UPI Appium Automation testing for PNB
[INFO] 2018-05-10 18:04:37,880 Driver init - App started : com.fss.pnbpsp
[INFO] 2018-05-10 18:04:37,880 Driver instantiateDriver - The platform is : Android platform
[INFO] 2018-05-10 18:05:09,104 AppiumController extentbeforeMethod - @BeforeMethod : ThreadName: mainmBankingBaseFactory.AppiumController
[INFO] 2018-05-10 18:05:09,110 AddBankTest login - **********Login to application**********
[INFO] 2018-05-10 18:05:09,241 AppiumController waitForElement - Entered Wait for locator
[INFO] 2018-05-10 18:05:13,663 AppiumController waitForElement - Element found : ******
[INFO] 2018-05-10 18:05:18,624 AppiumController sendText - Send Text : 123789
[INFO] 2018-05-10 18:05:18,625 BasePage loginApp - Login Pin send  : 123789
[INFO] 2018-05-10 18:05:18,626 AppiumController waitForElement - Entered Wait for locator
[INFO] 2018-05-10 18:05:19,213 AppiumController waitForElement - Element found : 
[INFO] 2018-05-10 18:05:21,210 AppiumController click - clicked element
[INFO] 2018-05-10 18:05:21,212 AddBankTest login - ***************End***************
[INFO] 2018-05-10 18:05:21,217 AppiumController extentGetResult - @AfterMethod

[INFO] 2018-05-10 18:05:21,224 AppiumController extentbeforeMethod - @BeforeMethod : ThreadName: mainmBankingBaseFactory.AppiumController
[INFO] 2018-05-10 18:05:21,227 AddBankTest AddBankValid - **********Add Bank**********
[INFO] 2018-05-10 18:05:21,244 AppiumController waitForElement - Entered Wait for locator
[INFO] 2018-05-10 18:05:21,859 AppiumController waitForElement - Element found : Add Bank A/C
[INFO] 2018-05-10 18:05:22,372 AppiumController click - clicked element
[INFO] 2018-05-10 18:05:22,373 AppiumController waitForElement - Entered Wait for locator
[INFO] 2018-05-10 18:05:27,622 AppiumController waitForElement - Element found : ADD BANK ACCOUNT
[INFO] 2018-05-10 18:05:33,725 AppiumController sendText - Send Text : Sarva UP Gramin Bank
[INFO] 2018-05-10 18:05:34,285 AppiumController getxy - X is 15,Y is 492
[INFO] 2018-05-10 18:05:34,339 AppiumController waitForElement - Entered Wait for locator
[INFO] 2018-05-10 18:05:37,752 AppiumController waitForElement - Element found : OK
[INFO] 2018-05-10 18:05:37,753 BasePage addBank - Transaction timed out : 1
[INFO] 2018-05-10 18:05:40,922 AppiumController click - clicked element
[INFO] 2018-05-10 18:05:44,145 AppiumController click - clicked element
[INFO] 2018-05-10 18:05:44,201 AppiumController getxy - X is 15,Y is 492
[INFO] 2018-05-10 18:05:44,225 AppiumController waitForElement - Entered Wait for locator
[INFO] 2018-05-10 18:05:46,981 AppiumController waitForElement - Element found : OK
[INFO] 2018-05-10 18:05:46,981 BasePage addBank - Transaction timed out : 2
[INFO] 2018-05-10 18:05:50,135 AppiumController click - clicked element
[INFO] 2018-05-10 18:05:53,336 AppiumController click - clicked element
[INFO] 2018-05-10 18:05:53,434 AppiumController getxy - X is 15,Y is 492
[INFO] 2018-05-10 18:05:53,462 BasePage addBank - element found
[INFO] 2018-05-10 18:05:53,463 AddBankTest AddBankValid - ***************End***************
[INFO] 2018-05-10 18:05:53,465 AppiumController extentGetResult - @AfterMethod

[INFO] 2018-05-10 18:05:53,466 AppiumController extentbeforeMethod - @BeforeMethod : ThreadName: mainmBankingBaseFactory.AppiumController
[INFO] 2018-05-10 18:05:53,467 AddBankTest AppExit - **********Exit Application**********
[INFO] 2018-05-10 18:05:53,471 AppiumController waitForElement - Entered Wait for locator
[INFO] 2018-05-10 18:06:03,089 AppiumController click - org.openqa.selenium.NoSuchElementException: Can't locate an element by this strategy: Locator map: 
- native content: "By.id: com.fss.pnbpsp:id/button_ok" 
- html content: "by id or name "okBtn""
For documentation on this error, please visit: http://seleniumhq.org/exceptions/no_such_element.html
Build info: version: '2.53.1', revision: 'a36b8b1cd5757287168e54b817830adce9b0158d', time: '2016-06-30 19:26:09'
System info: host: 'FSSCHND13937', ip: '10.44.71.115', os.name: 'Windows 7', os.arch: 'x86', os.version: '6.1', java.version: '1.8.0_144'
Driver info: driver.version: unknown
[INFO] 2018-05-10 18:06:06,249 AppiumController click - clicked element
[INFO] 2018-05-10 18:06:07,344 AppiumController click - org.openqa.selenium.NoSuchElementException: Can't locate an element by this strategy: Locator map: 
- native content: "By.id: com.fss.pnbpsp:id/button_no" 
- html content: "by id or name "noBtn""
For documentation on this error, please visit: http://seleniumhq.org/exceptions/no_such_element.html
Build info: version: '2.53.1', revision: 'a36b8b1cd5757287168e54b817830adce9b0158d', time: '2016-06-30 19:26:09'
System info: host: 'FSSCHND13937', ip: '10.44.71.115', os.name: 'Windows 7', os.arch: 'x86', os.version: '6.1', java.version: '1.8.0_144'
Driver info: driver.version: unknown
[INFO] 2018-05-10 18:06:07,347 AppiumController waitForElement - Entered Wait for locator
[INFO] 2018-05-10 18:06:15,487 AppiumController click - org.openqa.selenium.NoSuchElementException: Can't locate an element by this strategy: Locator map: 
- native content: "By.id: com.fss.pnbpsp:id/button_ok" 
- html content: "by id or name "okBtn""
For documentation on this error, please visit: http://seleniumhq.org/exceptions/no_such_element.html
Build info: version: '2.53.1', revision: 'a36b8b1cd5757287168e54b817830adce9b0158d', time: '2016-06-30 19:26:09'
System info: host: 'FSSCHND13937', ip: '10.44.71.115', os.name: 'Windows 7', os.arch: 'x86', os.version: '6.1', java.version: '1.8.0_144'
Driver info: driver.version: unknown
[INFO] 2018-05-10 18:06:16,593 AppiumController click - org.openqa.selenium.NoSuchElementException: Can't locate an element by this strategy: Locator map: 
- native content: "By.id: com.fss.pnbpsp:id/button_yes" 
- html content: "by id or name "yesBtn""
For documentation on this error, please visit: http://seleniumhq.org/exceptions/no_such_element.html
Build info: version: '2.53.1', revision: 'a36b8b1cd5757287168e54b817830adce9b0158d', time: '2016-06-30 19:26:09'
System info: host: 'FSSCHND13937', ip: '10.44.71.115', os.name: 'Windows 7', os.arch: 'x86', os.version: '6.1', java.version: '1.8.0_144'
Driver info: driver.version: unknown
[INFO] 2018-05-10 18:06:17,675 AppiumController click - org.openqa.selenium.NoSuchElementException: Can't locate an element by this strategy: Locator map: 
- native content: "By.id: com.fss.pnbpsp:id/button_no" 
- html content: "by id or name "noBtn""
For documentation on this error, please visit: http://seleniumhq.org/exceptions/no_such_element.html
Build info: version: '2.53.1', revision: 'a36b8b1cd5757287168e54b817830adce9b0158d', time: '2016-06-30 19:26:09'
System info: host: 'FSSCHND13937', ip: '10.44.71.115', os.name: 'Windows 7', os.arch: 'x86', os.version: '6.1', java.version: '1.8.0_144'
Driver info: driver.version: unknown
[INFO] 2018-05-10 18:06:17,678 AppiumController waitForElement - Entered Wait for locator
[INFO] 2018-05-10 18:06:17,769 AppiumController waitForElement - Element found : 
[INFO] 2018-05-10 18:06:17,980 AppiumController click - clicked element
[INFO] 2018-05-10 18:06:17,981 BasePage exitapp - Clicked on Menu Drawer box
[INFO] 2018-05-10 18:06:19,151 AppiumController click - clicked element
[INFO] 2018-05-10 18:06:19,151 BasePage exitapp - Clicked on Logout button
[INFO] 2018-05-10 18:06:20,178 AppiumController click - clicked element
[INFO] 2018-05-10 18:06:20,181 BasePage exitapp - Clicked on Yes button
[INFO] 2018-05-10 18:06:20,182 AddBankTest AppExit - ***************End***************
[INFO] 2018-05-10 18:06:20,184 AppiumController extentGetResult - @AfterMethod

[INFO] 2018-05-10 18:06:20,606 AppiumController tearDown - @AfterSuite
