<?xml version="1.0" encoding="UTF-8"?>
<!-- Generated by org.testng.reporters.JUnitXMLReporter -->
<testsuite hostname="FSSCHND13937" name="Login App" tests="48" failures="2" timestamp="18 Jun 2018 04:29:52 GMT" time="301.211" errors="0">
  <testcase name="@AfterMethod extentGetResult" time="0.0" classname="mBankingTestVIJComplete.ViewBalanceTest">
    <failure type="org.openqa.selenium.remote.SessionNotFoundException" message="A session is either terminated or not started (WARNING: The server did not provide any stacktrace information)
Command duration or timeout: 15 milliseconds
Build info: version: &amp;apos;2.53.1&amp;apos;, revision: &amp;apos;a36b8b1cd5757287168e54b817830adce9b0158d&amp;apos;, time: &amp;apos;2016-06-30 19:26:09&amp;apos;
System info: host: &amp;apos;FSSCHND13937&amp;apos;, ip: &amp;apos;10.44.71.115&amp;apos;, os.name: &amp;apos;Windows 7&amp;apos;, os.arch: &amp;apos;x86&amp;apos;, os.version: &amp;apos;6.1&amp;apos;, java.version: &amp;apos;1.8.0_144&amp;apos;
Driver info: io.appium.java_client.android.AndroidDriver
Capabilities [{appPackage=com.fss.vijayapsp, deviceScreenSize=1080x1920, networkConnectionEnabled=true, orientation=null, noReset=true, warnings={}, disableAndroidWatchers=true, databaseEnabled=false, deviceName=HKE7YGUA, ignoreUnimportantViews=true, platform=LINUX, deviceUDID=HKE7YGUA, appActivity=com.fss.controller.MainActivity, desired={appPackage=com.fss.vijayapsp, appActivity=com.fss.controller.MainActivity, orientation=null, noReset=true, newCommandTimeout=9000, platformVersion=7.1.2, disableAndroidWatchers=true, platformName=Android, udid=HKE7YGUA, deviceName=e3a9c5b6, ignoreUnimportantViews=true}, newCommandTimeout=9000, platformVersion=7.1.1, webStorageEnabled=false, locationContextEnabled=false, takesScreenshot=true, javascriptEnabled=true, deviceModel=Lenovo K8 Plus, platformName=Android, udid=HKE7YGUA, deviceManufacturer=LENOVO}]
Session ID: 4d6eddc1-1a53-40a1-bc5c-b08b4cf7d1da">
      <![CDATA[org.openqa.selenium.remote.SessionNotFoundException: A session is either terminated or not started (WARNING: The server did not provide any stacktrace information)
Command duration or timeout: 15 milliseconds
Build info: version: '2.53.1', revision: 'a36b8b1cd5757287168e54b817830adce9b0158d', time: '2016-06-30 19:26:09'
System info: host: 'FSSCHND13937', ip: '10.44.71.115', os.name: 'Windows 7', os.arch: 'x86', os.version: '6.1', java.version: '1.8.0_144'
Driver info: io.appium.java_client.android.AndroidDriver
Capabilities [{appPackage=com.fss.vijayapsp, deviceScreenSize=1080x1920, networkConnectionEnabled=true, orientation=null, noReset=true, warnings={}, disableAndroidWatchers=true, databaseEnabled=false, deviceName=HKE7YGUA, ignoreUnimportantViews=true, platform=LINUX, deviceUDID=HKE7YGUA, appActivity=com.fss.controller.MainActivity, desired={appPackage=com.fss.vijayapsp, appActivity=com.fss.controller.MainActivity, orientation=null, noReset=true, newCommandTimeout=9000, platformVersion=7.1.2, disableAndroidWatchers=true, platformName=Android, udid=HKE7YGUA, deviceName=e3a9c5b6, ignoreUnimportantViews=true}, newCommandTimeout=9000, platformVersion=7.1.1, webStorageEnabled=false, locationContextEnabled=false, takesScreenshot=true, javascriptEnabled=true, deviceModel=Lenovo K8 Plus, platformName=Android, udid=HKE7YGUA, deviceManufacturer=LENOVO}]
Session ID: 4d6eddc1-1a53-40a1-bc5c-b08b4cf7d1da
	at org.openqa.selenium.remote.ErrorHandler.createThrowable(ErrorHandler.java:206)
	at org.openqa.selenium.remote.ErrorHandler.throwIfResponseFailed(ErrorHandler.java:158)
	at org.openqa.selenium.remote.RemoteWebDriver.execute(RemoteWebDriver.java:678)
	at io.appium.java_client.DefaultGenericMobileDriver.execute(DefaultGenericMobileDriver.java:40)
	at io.appium.java_client.AppiumDriver.execute(AppiumDriver.java:235)
	at org.openqa.selenium.remote.RemoteWebDriver.getScreenshotAs(RemoteWebDriver.java:335)
	at mBankingBaseFactory.AppiumController.takeScreenShot(AppiumController.java:853)
	at mBankingBaseFactory.AppiumController.extentGetResult(AppiumController.java:160)
... Removed 30 stack frames]]>
    </failure>
  </testcase> <!-- @AfterMethod extentGetResult -->
  <testcase name="@BeforeMethod extentbeforeMethod" time="0.0" classname="mBankingTestVIJComplete.ViewBalanceTest">
    <skipped/>
  </testcase> <!-- @BeforeMethod extentbeforeMethod -->
  <testcase name="@AfterMethod extentGetResult" time="0.0" classname="mBankingTestVIJComplete.ViewBalanceTest">
    <skipped/>
  </testcase> <!-- @AfterMethod extentGetResult -->
  <testcase name="@BeforeMethod extentbeforeMethod" time="0.0" classname="mBankingTestVIJComplete.ViewBalanceTest">
    <skipped/>
  </testcase> <!-- @BeforeMethod extentbeforeMethod -->
  <testcase name="@AfterMethod extentGetResult" time="0.0" classname="mBankingTestVIJComplete.ViewBalanceTest">
    <skipped/>
  </testcase> <!-- @AfterMethod extentGetResult -->
  <testcase name="@BeforeMethod extentbeforeMethod" time="0.0" classname="mBankingTestVIJComplete.CollectMoneyTest">
    <skipped/>
  </testcase> <!-- @BeforeMethod extentbeforeMethod -->
  <testcase name="@AfterMethod extentGetResult" time="0.0" classname="mBankingTestVIJComplete.CollectMoneyTest">
    <skipped/>
  </testcase> <!-- @AfterMethod extentGetResult -->
  <testcase name="@BeforeMethod extentbeforeMethod" time="0.0" classname="mBankingTestVIJComplete.CollectMoneyTest">
    <skipped/>
  </testcase> <!-- @BeforeMethod extentbeforeMethod -->
  <testcase name="@AfterMethod extentGetResult" time="0.0" classname="mBankingTestVIJComplete.CollectMoneyTest">
    <skipped/>
  </testcase> <!-- @AfterMethod extentGetResult -->
  <testcase name="@BeforeMethod extentbeforeMethod" time="0.0" classname="mBankingTestVIJComplete.CollectMoneyTest">
    <skipped/>
  </testcase> <!-- @BeforeMethod extentbeforeMethod -->
  <testcase name="@AfterMethod extentGetResult" time="0.0" classname="mBankingTestVIJComplete.CollectMoneyTest">
    <skipped/>
  </testcase> <!-- @AfterMethod extentGetResult -->
  <testcase name="@BeforeMethod extentbeforeMethod" time="0.0" classname="mBankingTestVIJComplete.PendingApprovalTest">
    <skipped/>
  </testcase> <!-- @BeforeMethod extentbeforeMethod -->
  <testcase name="@AfterMethod extentGetResult" time="0.0" classname="mBankingTestVIJComplete.PendingApprovalTest">
    <skipped/>
  </testcase> <!-- @AfterMethod extentGetResult -->
  <testcase name="@BeforeMethod extentbeforeMethod" time="0.0" classname="mBankingTestVIJComplete.PendingApprovalTest">
    <skipped/>
  </testcase> <!-- @BeforeMethod extentbeforeMethod -->
  <testcase name="@AfterMethod extentGetResult" time="0.0" classname="mBankingTestVIJComplete.PendingApprovalTest">
    <skipped/>
  </testcase> <!-- @AfterMethod extentGetResult -->
  <testcase name="@BeforeMethod extentbeforeMethod" time="0.0" classname="mBankingTestVIJComplete.PendingApprovalTest">
    <skipped/>
  </testcase> <!-- @BeforeMethod extentbeforeMethod -->
  <testcase name="@AfterMethod extentGetResult" time="0.0" classname="mBankingTestVIJComplete.PendingApprovalTest">
    <skipped/>
  </testcase> <!-- @AfterMethod extentGetResult -->
  <testcase name="@BeforeMethod extentbeforeMethod" time="0.0" classname="mBankingTestVIJComplete.PayMoneyTest">
    <skipped/>
  </testcase> <!-- @BeforeMethod extentbeforeMethod -->
  <testcase name="@AfterMethod extentGetResult" time="0.0" classname="mBankingTestVIJComplete.PayMoneyTest">
    <skipped/>
  </testcase> <!-- @AfterMethod extentGetResult -->
  <testcase name="@BeforeMethod extentbeforeMethod" time="0.0" classname="mBankingTestVIJComplete.PayMoneyTest">
    <skipped/>
  </testcase> <!-- @BeforeMethod extentbeforeMethod -->
  <testcase name="@AfterMethod extentGetResult" time="0.0" classname="mBankingTestVIJComplete.PayMoneyTest">
    <skipped/>
  </testcase> <!-- @AfterMethod extentGetResult -->
  <testcase name="@BeforeMethod extentbeforeMethod" time="0.0" classname="mBankingTestVIJComplete.PayMoneyTest">
    <skipped/>
  </testcase> <!-- @BeforeMethod extentbeforeMethod -->
  <testcase name="@AfterMethod extentGetResult" time="0.0" classname="mBankingTestVIJComplete.PayMoneyTest">
    <skipped/>
  </testcase> <!-- @AfterMethod extentGetResult -->
  <testcase name="@BeforeMethod extentbeforeMethod" time="0.0" classname="mBankingTestVIJComplete.ParticipantsTest">
    <skipped/>
  </testcase> <!-- @BeforeMethod extentbeforeMethod -->
  <testcase name="@AfterMethod extentGetResult" time="0.0" classname="mBankingTestVIJComplete.ParticipantsTest">
    <skipped/>
  </testcase> <!-- @AfterMethod extentGetResult -->
  <testcase name="@BeforeMethod extentbeforeMethod" time="0.0" classname="mBankingTestVIJComplete.ParticipantsTest">
    <skipped/>
  </testcase> <!-- @BeforeMethod extentbeforeMethod -->
  <testcase name="@AfterMethod extentGetResult" time="0.0" classname="mBankingTestVIJComplete.ParticipantsTest">
    <skipped/>
  </testcase> <!-- @AfterMethod extentGetResult -->
  <testcase name="@BeforeMethod extentbeforeMethod" time="0.0" classname="mBankingTestVIJComplete.ParticipantsTest">
    <skipped/>
  </testcase> <!-- @BeforeMethod extentbeforeMethod -->
  <testcase name="@AfterMethod extentGetResult" time="0.0" classname="mBankingTestVIJComplete.ParticipantsTest">
    <skipped/>
  </testcase> <!-- @AfterMethod extentGetResult -->
  <testcase name="@BeforeMethod extentbeforeMethod" time="0.0" classname="mBankingTestVIJComplete.ParticipantsTest">
    <skipped/>
  </testcase> <!-- @BeforeMethod extentbeforeMethod -->
  <testcase name="@AfterMethod extentGetResult" time="0.0" classname="mBankingTestVIJComplete.ParticipantsTest">
    <skipped/>
  </testcase> <!-- @AfterMethod extentGetResult -->
  <testcase name="@BeforeMethod extentbeforeMethod" time="0.0" classname="mBankingTestVIJComplete.ParticipantsTest">
    <skipped/>
  </testcase> <!-- @BeforeMethod extentbeforeMethod -->
  <testcase name="@AfterMethod extentGetResult" time="0.0" classname="mBankingTestVIJComplete.ParticipantsTest">
    <skipped/>
  </testcase> <!-- @AfterMethod extentGetResult -->
  <testcase name="@BeforeMethod extentbeforeMethod" time="0.0" classname="mBankingTestVIJComplete.ParticipantsTest">
    <skipped/>
  </testcase> <!-- @BeforeMethod extentbeforeMethod -->
  <testcase name="@AfterMethod extentGetResult" time="0.0" classname="mBankingTestVIJComplete.ParticipantsTest">
    <skipped/>
  </testcase> <!-- @AfterMethod extentGetResult -->
  <testcase name="@BeforeMethod extentbeforeMethod" time="0.0" classname="mBankingTestVIJComplete.ParticipantsTest">
    <skipped/>
  </testcase> <!-- @BeforeMethod extentbeforeMethod -->
  <testcase name="@AfterMethod extentGetResult" time="0.0" classname="mBankingTestVIJComplete.ParticipantsTest">
    <skipped/>
  </testcase> <!-- @AfterMethod extentGetResult -->
  <testcase name="@BeforeMethod extentbeforeMethod" time="0.0" classname="mBankingTestVIJComplete.ParticipantsTest">
    <skipped/>
  </testcase> <!-- @BeforeMethod extentbeforeMethod -->
  <testcase name="@AfterMethod extentGetResult" time="0.0" classname="mBankingTestVIJComplete.ParticipantsTest">
    <skipped/>
  </testcase> <!-- @AfterMethod extentGetResult -->
  <testcase name="@BeforeMethod extentbeforeMethod" time="0.0" classname="mBankingTestVIJComplete.ParticipantsTest">
    <skipped/>
  </testcase> <!-- @BeforeMethod extentbeforeMethod -->
  <testcase name="@AfterMethod extentGetResult" time="0.0" classname="mBankingTestVIJComplete.ParticipantsTest">
    <skipped/>
  </testcase> <!-- @AfterMethod extentGetResult -->
  <testcase name="@BeforeMethod extentbeforeMethod" time="0.0" classname="mBankingTestVIJComplete.ParticipantsTest">
    <skipped/>
  </testcase> <!-- @BeforeMethod extentbeforeMethod -->
  <testcase name="@AfterMethod extentGetResult" time="0.0" classname="mBankingTestVIJComplete.ParticipantsTest">
    <skipped/>
  </testcase> <!-- @AfterMethod extentGetResult -->
  <testcase name="@BeforeMethod extentbeforeMethod" time="0.0" classname="mBankingTestVIJComplete.ParticipantsTest">
    <skipped/>
  </testcase> <!-- @BeforeMethod extentbeforeMethod -->
  <testcase name="@AfterMethod extentGetResult" time="0.0" classname="mBankingTestVIJComplete.ParticipantsTest">
    <skipped/>
  </testcase> <!-- @AfterMethod extentGetResult -->
  <testcase name="@BeforeMethod extentbeforeMethod" time="0.0" classname="mBankingTestVIJComplete.ParticipantsTest">
    <skipped/>
  </testcase> <!-- @BeforeMethod extentbeforeMethod -->
  <testcase name="@AfterMethod extentGetResult" time="0.0" classname="mBankingTestVIJComplete.ParticipantsTest">
    <skipped/>
  </testcase> <!-- @AfterMethod extentGetResult -->
  <testcase name="@BeforeMethod extentbeforeMethod" time="0.0" classname="mBankingTestVIJComplete.ParticipantsTest">
    <skipped/>
  </testcase> <!-- @BeforeMethod extentbeforeMethod -->
  <testcase name="@AfterMethod extentGetResult" time="0.0" classname="mBankingTestVIJComplete.ParticipantsTest">
    <skipped/>
  </testcase> <!-- @AfterMethod extentGetResult -->
  <testcase name="@BeforeMethod extentbeforeMethod" time="0.0" classname="mBankingTestVIJComplete.ParticipantsTest">
    <skipped/>
  </testcase> <!-- @BeforeMethod extentbeforeMethod -->
  <testcase name="@AfterMethod extentGetResult" time="0.0" classname="mBankingTestVIJComplete.ParticipantsTest">
    <skipped/>
  </testcase> <!-- @AfterMethod extentGetResult -->
  <testcase name="@BeforeMethod extentbeforeMethod" time="0.0" classname="mBankingTestVIJComplete.ParticipantsTest">
    <skipped/>
  </testcase> <!-- @BeforeMethod extentbeforeMethod -->
  <testcase name="@AfterMethod extentGetResult" time="0.0" classname="mBankingTestVIJComplete.ParticipantsTest">
    <skipped/>
  </testcase> <!-- @AfterMethod extentGetResult -->
  <testcase name="@BeforeMethod extentbeforeMethod" time="0.0" classname="mBankingTestVIJComplete.MenuDrawerOptionsTest">
    <skipped/>
  </testcase> <!-- @BeforeMethod extentbeforeMethod -->
  <testcase name="@AfterMethod extentGetResult" time="0.0" classname="mBankingTestVIJComplete.MenuDrawerOptionsTest">
    <skipped/>
  </testcase> <!-- @AfterMethod extentGetResult -->
  <testcase name="@BeforeMethod extentbeforeMethod" time="0.0" classname="mBankingTestVIJComplete.MenuDrawerOptionsTest">
    <skipped/>
  </testcase> <!-- @BeforeMethod extentbeforeMethod -->
  <testcase name="@AfterMethod extentGetResult" time="0.0" classname="mBankingTestVIJComplete.MenuDrawerOptionsTest">
    <skipped/>
  </testcase> <!-- @AfterMethod extentGetResult -->
  <testcase name="@BeforeMethod extentbeforeMethod" time="0.0" classname="mBankingTestVIJComplete.MenuDrawerOptionsTest">
    <skipped/>
  </testcase> <!-- @BeforeMethod extentbeforeMethod -->
  <testcase name="@AfterMethod extentGetResult" time="0.0" classname="mBankingTestVIJComplete.MenuDrawerOptionsTest">
    <skipped/>
  </testcase> <!-- @AfterMethod extentGetResult -->
  <testcase name="@BeforeMethod extentbeforeMethod" time="0.0" classname="mBankingTestVIJComplete.MenuDrawerOptionsTest">
    <skipped/>
  </testcase> <!-- @BeforeMethod extentbeforeMethod -->
  <testcase name="@AfterMethod extentGetResult" time="0.0" classname="mBankingTestVIJComplete.MenuDrawerOptionsTest">
    <skipped/>
  </testcase> <!-- @AfterMethod extentGetResult -->
  <testcase name="@BeforeMethod extentbeforeMethod" time="0.0" classname="mBankingTestVIJComplete.TxnStatusTest">
    <skipped/>
  </testcase> <!-- @BeforeMethod extentbeforeMethod -->
  <testcase name="@AfterMethod extentGetResult" time="0.0" classname="mBankingTestVIJComplete.TxnStatusTest">
    <skipped/>
  </testcase> <!-- @AfterMethod extentGetResult -->
  <testcase name="@BeforeMethod extentbeforeMethod" time="0.0" classname="mBankingTestVIJComplete.SetUPIPINTest">
    <skipped/>
  </testcase> <!-- @BeforeMethod extentbeforeMethod -->
  <testcase name="@AfterMethod extentGetResult" time="0.0" classname="mBankingTestVIJComplete.SetUPIPINTest">
    <skipped/>
  </testcase> <!-- @AfterMethod extentGetResult -->
  <testcase name="@BeforeMethod extentbeforeMethod" time="0.0" classname="mBankingTestVIJComplete.ChangePinTest">
    <skipped/>
  </testcase> <!-- @BeforeMethod extentbeforeMethod -->
  <testcase name="@AfterMethod extentGetResult" time="0.0" classname="mBankingTestVIJComplete.ChangePinTest">
    <skipped/>
  </testcase> <!-- @AfterMethod extentGetResult -->
  <testcase name="@BeforeMethod extentbeforeMethod" time="0.0" classname="mBankingTestVIJComplete.ChangePinTest">
    <skipped/>
  </testcase> <!-- @BeforeMethod extentbeforeMethod -->
  <testcase name="@AfterMethod extentGetResult" time="0.0" classname="mBankingTestVIJComplete.ChangePinTest">
    <skipped/>
  </testcase> <!-- @AfterMethod extentGetResult -->
  <testcase name="@BeforeMethod extentbeforeMethod" time="0.0" classname="mBankingTestVIJComplete.ChangePinTest">
    <skipped/>
  </testcase> <!-- @BeforeMethod extentbeforeMethod -->
  <testcase name="@AfterMethod extentGetResult" time="0.0" classname="mBankingTestVIJComplete.ChangePinTest">
    <skipped/>
  </testcase> <!-- @AfterMethod extentGetResult -->
  <testcase name="@BeforeMethod extentbeforeMethod" time="0.0" classname="mBankingTestVIJComplete.ChangePinTest">
    <skipped/>
  </testcase> <!-- @BeforeMethod extentbeforeMethod -->
  <testcase name="@AfterMethod extentGetResult" time="0.0" classname="mBankingTestVIJComplete.ChangePinTest">
    <skipped/>
  </testcase> <!-- @AfterMethod extentGetResult -->
  <testcase name="@BeforeMethod extentbeforeMethod" time="0.0" classname="mBankingTestVIJComplete.ManageAcTest">
    <skipped/>
  </testcase> <!-- @BeforeMethod extentbeforeMethod -->
  <testcase name="@AfterMethod extentGetResult" time="0.0" classname="mBankingTestVIJComplete.ManageAcTest">
    <skipped/>
  </testcase> <!-- @AfterMethod extentGetResult -->
  <testcase name="@BeforeMethod extentbeforeMethod" time="0.0" classname="mBankingTestVIJComplete.ManageAcTest">
    <skipped/>
  </testcase> <!-- @BeforeMethod extentbeforeMethod -->
  <testcase name="@AfterMethod extentGetResult" time="0.0" classname="mBankingTestVIJComplete.ManageAcTest">
    <skipped/>
  </testcase> <!-- @AfterMethod extentGetResult -->
  <testcase name="@BeforeMethod extentbeforeMethod" time="0.0" classname="mBankingTestVIJComplete.ManageAcTest">
    <skipped/>
  </testcase> <!-- @BeforeMethod extentbeforeMethod -->
  <testcase name="@AfterMethod extentGetResult" time="0.0" classname="mBankingTestVIJComplete.ManageAcTest">
    <skipped/>
  </testcase> <!-- @AfterMethod extentGetResult -->
  <testcase name="@BeforeMethod extentbeforeMethod" time="0.0" classname="mBankingTestVIJComplete.ManageAcTest">
    <skipped/>
  </testcase> <!-- @BeforeMethod extentbeforeMethod -->
  <testcase name="@AfterMethod extentGetResult" time="0.0" classname="mBankingTestVIJComplete.ManageAcTest">
    <skipped/>
  </testcase> <!-- @AfterMethod extentGetResult -->
  <testcase name="AddbankOnly" time="19.252" classname="mBankingTestVIJComplete.AddBankTest"/>
  <testcase name="AddbankCreateVpaOnly" time="44.983" classname="mBankingTestVIJComplete.AddBankTest"/>
  <testcase name="AddBankCreateVpaSetPin" time="75.099" classname="mBankingTestVIJComplete.AddBankTest"/>
  <testcase name="AddBankAccNotExists" time="14.241" classname="mBankingTestVIJComplete.AddBankTest"/>
  <testcase name="AddbankCreateVpaOnlyOtherBank" time="47.656" classname="mBankingTestVIJComplete.AddBankTest"/>
  <testcase name="addVirAddressValid" time="16.486" classname="mBankingTestVIJComplete.AddVirtualAddrTest">
    <failure type="org.openqa.selenium.NoSuchElementException" message="Can&amp;apos;t locate an element by this strategy: Locator map: 
- native content: &amp;quot;By.id: android:id/date_picker_header_date&amp;quot; 
- html content: &amp;quot;by id or name &amp;quot;pickedDate&amp;quot;&amp;quot;
For documentation on this error, please visit: http://seleniumhq.org/exceptions/no_such_element.html
Build info: version: &amp;apos;2.53.1&amp;apos;, revision: &amp;apos;a36b8b1cd5757287168e54b817830adce9b0158d&amp;apos;, time: &amp;apos;2016-06-30 19:26:09&amp;apos;
System info: host: &amp;apos;FSSCHND13937&amp;apos;, ip: &amp;apos;10.44.71.115&amp;apos;, os.name: &amp;apos;Windows 7&amp;apos;, os.arch: &amp;apos;x86&amp;apos;, os.version: &amp;apos;6.1&amp;apos;, java.version: &amp;apos;1.8.0_144&amp;apos;
Driver info: driver.version: unknown">
      <![CDATA[org.openqa.selenium.NoSuchElementException: Can't locate an element by this strategy: Locator map: 
- native content: "By.id: android:id/date_picker_header_date" 
- html content: "by id or name "pickedDate""
For documentation on this error, please visit: http://seleniumhq.org/exceptions/no_such_element.html
Build info: version: '2.53.1', revision: 'a36b8b1cd5757287168e54b817830adce9b0158d', time: '2016-06-30 19:26:09'
System info: host: 'FSSCHND13937', ip: '10.44.71.115', os.name: 'Windows 7', os.arch: 'x86', os.version: '6.1', java.version: '1.8.0_144'
Driver info: driver.version: unknown
	at io.appium.java_client.pagefactory.AppiumElementLocator.findElement(AppiumElementLocator.java:110)
	at io.appium.java_client.pagefactory.interceptors.InterceptorOfASingleElement.intercept(InterceptorOfASingleElement.java:57)
	at io.appium.java_client.android.AndroidElement$$EnhancerByCGLIB$$c0b591f0.getAttribute(<generated>)
	at mBankingBaseFactory.AppiumController.getText(AppiumController.java:1072)
	at mBankingPageObjectFactory.BasePage.selectVirTimeLimit(BasePage.java:454)
	at mBankingTestVIJComplete.AddVirtualAddrTest.addVirAddressValid(AddVirtualAddrTest.java:33)
... Removed 24 stack frames]]>
    </failure>
  </testcase> <!-- addVirAddressValid -->
  <testcase name="addAlreadyAddedVirAddress" time="0.0" classname="mBankingTestVIJComplete.AddVirtualAddrTest">
    <skipped/>
  </testcase> <!-- addAlreadyAddedVirAddress -->
  <testcase name="BalanceEnquiryValid" time="5.875" classname="mBankingTestVIJComplete.ViewBalanceTest">
    <failure type="org.openqa.selenium.WebDriverException" message="An unknown server-side error occurred while processing the command. Original error: Android bootstrap socket crashed: Error: This socket has been ended by the other party (WARNING: The server did not provide any stacktrace information)
Command duration or timeout: 1.54 seconds
Build info: version: &amp;apos;2.53.1&amp;apos;, revision: &amp;apos;a36b8b1cd5757287168e54b817830adce9b0158d&amp;apos;, time: &amp;apos;2016-06-30 19:26:09&amp;apos;
System info: host: &amp;apos;FSSCHND13937&amp;apos;, ip: &amp;apos;10.44.71.115&amp;apos;, os.name: &amp;apos;Windows 7&amp;apos;, os.arch: &amp;apos;x86&amp;apos;, os.version: &amp;apos;6.1&amp;apos;, java.version: &amp;apos;1.8.0_144&amp;apos;
Driver info: io.appium.java_client.android.AndroidDriver
Capabilities [{appPackage=com.fss.vijayapsp, deviceScreenSize=1080x1920, networkConnectionEnabled=true, orientation=null, noReset=true, warnings={}, disableAndroidWatchers=true, databaseEnabled=false, deviceName=HKE7YGUA, ignoreUnimportantViews=true, platform=LINUX, deviceUDID=HKE7YGUA, appActivity=com.fss.controller.MainActivity, desired={appPackage=com.fss.vijayapsp, appActivity=com.fss.controller.MainActivity, orientation=null, noReset=true, newCommandTimeout=9000, platformVersion=7.1.2, disableAndroidWatchers=true, platformName=Android, udid=HKE7YGUA, deviceName=e3a9c5b6, ignoreUnimportantViews=true}, newCommandTimeout=9000, platformVersion=7.1.1, webStorageEnabled=false, locationContextEnabled=false, takesScreenshot=true, javascriptEnabled=true, deviceModel=Lenovo K8 Plus, platformName=Android, udid=HKE7YGUA, deviceManufacturer=LENOVO}]
Session ID: 4d6eddc1-1a53-40a1-bc5c-b08b4cf7d1da
*** Element info: {Using=xpath, value=//android.widget.TextView[@text=&amp;apos;View Balance&amp;apos;]}">
      <![CDATA[org.openqa.selenium.WebDriverException: An unknown server-side error occurred while processing the command. Original error: Android bootstrap socket crashed: Error: This socket has been ended by the other party (WARNING: The server did not provide any stacktrace information)
Command duration or timeout: 1.54 seconds
Build info: version: '2.53.1', revision: 'a36b8b1cd5757287168e54b817830adce9b0158d', time: '2016-06-30 19:26:09'
System info: host: 'FSSCHND13937', ip: '10.44.71.115', os.name: 'Windows 7', os.arch: 'x86', os.version: '6.1', java.version: '1.8.0_144'
Driver info: io.appium.java_client.android.AndroidDriver
Capabilities [{appPackage=com.fss.vijayapsp, deviceScreenSize=1080x1920, networkConnectionEnabled=true, orientation=null, noReset=true, warnings={}, disableAndroidWatchers=true, databaseEnabled=false, deviceName=HKE7YGUA, ignoreUnimportantViews=true, platform=LINUX, deviceUDID=HKE7YGUA, appActivity=com.fss.controller.MainActivity, desired={appPackage=com.fss.vijayapsp, appActivity=com.fss.controller.MainActivity, orientation=null, noReset=true, newCommandTimeout=9000, platformVersion=7.1.2, disableAndroidWatchers=true, platformName=Android, udid=HKE7YGUA, deviceName=e3a9c5b6, ignoreUnimportantViews=true}, newCommandTimeout=9000, platformVersion=7.1.1, webStorageEnabled=false, locationContextEnabled=false, takesScreenshot=true, javascriptEnabled=true, deviceModel=Lenovo K8 Plus, platformName=Android, udid=HKE7YGUA, deviceManufacturer=LENOVO}]
Session ID: 4d6eddc1-1a53-40a1-bc5c-b08b4cf7d1da
*** Element info: {Using=xpath, value=//android.widget.TextView[@text='View Balance']}
	at org.openqa.selenium.remote.ErrorHandler.createThrowable(ErrorHandler.java:206)
	at org.openqa.selenium.remote.ErrorHandler.throwIfResponseFailed(ErrorHandler.java:158)
	at org.openqa.selenium.remote.RemoteWebDriver.execute(RemoteWebDriver.java:678)
	at io.appium.java_client.DefaultGenericMobileDriver.execute(DefaultGenericMobileDriver.java:40)
	at io.appium.java_client.AppiumDriver.execute(AppiumDriver.java:1)
	at io.appium.java_client.android.AndroidDriver.execute(AndroidDriver.java:1)
	at org.openqa.selenium.remote.RemoteWebDriver.findElement(RemoteWebDriver.java:363)
	at io.appium.java_client.DefaultGenericMobileDriver.findElement(DefaultGenericMobileDriver.java:56)
	at io.appium.java_client.AppiumDriver.findElement(AppiumDriver.java:1)
	at io.appium.java_client.android.AndroidDriver.findElement(AndroidDriver.java:1)
	at org.openqa.selenium.remote.RemoteWebDriver.findElementByXPath(RemoteWebDriver.java:500)
	at io.appium.java_client.DefaultGenericMobileDriver.findElementByXPath(DefaultGenericMobileDriver.java:134)
	at io.appium.java_client.AppiumDriver.findElementByXPath(AppiumDriver.java:1)
	at io.appium.java_client.android.AndroidDriver.findElementByXPath(AndroidDriver.java:1)
	at org.openqa.selenium.By$ByXPath.findElement(By.java:361)
	at org.openqa.selenium.remote.RemoteWebDriver.findElement(RemoteWebDriver.java:355)
	at io.appium.java_client.DefaultGenericMobileDriver.findElement(DefaultGenericMobileDriver.java:52)
	at io.appium.java_client.AppiumDriver.findElement(AppiumDriver.java:1)
	at io.appium.java_client.android.AndroidDriver.findElement(AndroidDriver.java:1)
	at org.openqa.selenium.support.ui.ExpectedConditions.findElement(ExpectedConditions.java:899)
	at org.openqa.selenium.support.ui.ExpectedConditions.access$000(ExpectedConditions.java:41)
	at org.openqa.selenium.support.ui.ExpectedConditions$7.apply(ExpectedConditions.java:205)
	at org.openqa.selenium.support.ui.ExpectedConditions$7.apply(ExpectedConditions.java:201)
	at org.openqa.selenium.support.ui.FluentWait.until(FluentWait.java:238)
	at mBankingBaseFactory.AppiumController.waitForCondition(AppiumController.java:551)
	at mBankingBaseFactory.AppiumController.waitForTextView(AppiumController.java:627)
	at mBankingTestVIJComplete.ViewBalanceTest.BalanceEnquiryValid(ViewBalanceTest.java:23)
... Removed 28 stack frames]]>
    </failure>
  </testcase> <!-- BalanceEnquiryValid -->
  <testcase name="BalanceEnquiryInValidNPCIPin" time="0.0" classname="mBankingTestVIJComplete.ViewBalanceTest">
    <skipped/>
  </testcase> <!-- BalanceEnquiryInValidNPCIPin -->
  <testcase name="BalanceEnquiryPinNotConfigured" time="0.001" classname="mBankingTestVIJComplete.ViewBalanceTest">
    <skipped/>
  </testcase> <!-- BalanceEnquiryPinNotConfigured -->
  <testcase name="CollectMoneyVir1" time="0.0" classname="mBankingTestVIJComplete.CollectMoneyTest">
    <skipped/>
  </testcase> <!-- CollectMoneyVir1 -->
  <testcase name="CollectMoneyVir2" time="0.0" classname="mBankingTestVIJComplete.CollectMoneyTest">
    <skipped/>
  </testcase> <!-- CollectMoneyVir2 -->
  <testcase name="CollectMoneyVir3" time="0.0" classname="mBankingTestVIJComplete.CollectMoneyTest">
    <skipped/>
  </testcase> <!-- CollectMoneyVir3 -->
  <testcase name="pendingApprovalDefer" time="0.001" classname="mBankingTestVIJComplete.PendingApprovalTest">
    <skipped/>
  </testcase> <!-- pendingApprovalDefer -->
  <testcase name="pendingApprovalDecline" time="0.0" classname="mBankingTestVIJComplete.PendingApprovalTest">
    <skipped/>
  </testcase> <!-- pendingApprovalDecline -->
  <testcase name="pendingApprovalApprove" time="0.0" classname="mBankingTestVIJComplete.PendingApprovalTest">
    <skipped/>
  </testcase> <!-- pendingApprovalApprove -->
  <testcase name="PayMoneyVir" time="0.001" classname="mBankingTestVIJComplete.PayMoneyTest">
    <skipped/>
  </testcase> <!-- PayMoneyVir -->
  <testcase name="PayMoneyIFSC" time="0.001" classname="mBankingTestVIJComplete.PayMoneyTest">
    <skipped/>
  </testcase> <!-- PayMoneyIFSC -->
  <testcase name="PayMoneyAad" time="0.0" classname="mBankingTestVIJComplete.PayMoneyTest">
    <skipped/>
  </testcase> <!-- PayMoneyAad -->
  <testcase name="addParticipantsVirNo" time="0.0" classname="mBankingTestVIJComplete.ParticipantsTest">
    <skipped/>
  </testcase> <!-- addParticipantsVirNo -->
  <testcase name="addParticipantsVirNoUsedNickName" time="0.0" classname="mBankingTestVIJComplete.ParticipantsTest">
    <skipped/>
  </testcase> <!-- addParticipantsVirNoUsedNickName -->
  <testcase name="addParticipantsVirNoAlreadyRegd" time="0.001" classname="mBankingTestVIJComplete.ParticipantsTest">
    <skipped/>
  </testcase> <!-- addParticipantsVirNoAlreadyRegd -->
  <testcase name="viewParticipantsVirAdd" time="0.001" classname="mBankingTestVIJComplete.ParticipantsTest">
    <skipped/>
  </testcase> <!-- viewParticipantsVirAdd -->
  <testcase name="deleteParticipantsVirAdd" time="0.001" classname="mBankingTestVIJComplete.ParticipantsTest">
    <skipped/>
  </testcase> <!-- deleteParticipantsVirAdd -->
  <testcase name="addParticipantsAccNo" time="0.0" classname="mBankingTestVIJComplete.ParticipantsTest">
    <skipped/>
  </testcase> <!-- addParticipantsAccNo -->
  <testcase name="addParticipantsAccNoUsedNickName" time="0.0" classname="mBankingTestVIJComplete.ParticipantsTest">
    <skipped/>
  </testcase> <!-- addParticipantsAccNoUsedNickName -->
  <testcase name="addParticipantsAccNoAlreadyRegd" time="0.0" classname="mBankingTestVIJComplete.ParticipantsTest">
    <skipped/>
  </testcase> <!-- addParticipantsAccNoAlreadyRegd -->
  <testcase name="viewParticipantsAccNo" time="0.0" classname="mBankingTestVIJComplete.ParticipantsTest">
    <skipped/>
  </testcase> <!-- viewParticipantsAccNo -->
  <testcase name="deleteParticipantsAccNo" time="0.0" classname="mBankingTestVIJComplete.ParticipantsTest">
    <skipped/>
  </testcase> <!-- deleteParticipantsAccNo -->
  <testcase name="addParticipantsAadNo" time="0.0" classname="mBankingTestVIJComplete.ParticipantsTest">
    <skipped/>
  </testcase> <!-- addParticipantsAadNo -->
  <testcase name="addParticipantsAadNoUsedNickName" time="0.0" classname="mBankingTestVIJComplete.ParticipantsTest">
    <skipped/>
  </testcase> <!-- addParticipantsAadNoUsedNickName -->
  <testcase name="addParticipantsAadNoAlreadyRegd" time="0.001" classname="mBankingTestVIJComplete.ParticipantsTest">
    <skipped/>
  </testcase> <!-- addParticipantsAadNoAlreadyRegd -->
  <testcase name="viewParticipantsAadNo" time="0.0" classname="mBankingTestVIJComplete.ParticipantsTest">
    <skipped/>
  </testcase> <!-- viewParticipantsAadNo -->
  <testcase name="deleteParticipantsAadNo" time="0.0" classname="mBankingTestVIJComplete.ParticipantsTest">
    <skipped/>
  </testcase> <!-- deleteParticipantsAadNo -->
  <testcase name="termsAndCondition" time="0.0" classname="mBankingTestVIJComplete.MenuDrawerOptionsTest">
    <skipped/>
  </testcase> <!-- termsAndCondition -->
  <testcase name="reportSpamBlock" time="0.001" classname="mBankingTestVIJComplete.MenuDrawerOptionsTest">
    <skipped/>
  </testcase> <!-- reportSpamBlock -->
  <testcase name="reportSpamUnBlock" time="0.0" classname="mBankingTestVIJComplete.MenuDrawerOptionsTest">
    <skipped/>
  </testcase> <!-- reportSpamUnBlock -->
  <testcase name="complaintStatus" time="0.001" classname="mBankingTestVIJComplete.MenuDrawerOptionsTest">
    <skipped/>
  </testcase> <!-- complaintStatus -->
  <testcase name="txnStatus" time="0.0" classname="mBankingTestVIJComplete.TxnStatusTest">
    <skipped/>
  </testcase> <!-- txnStatus -->
  <testcase name="setUPIPIN" time="0.0" classname="mBankingTestVIJComplete.SetUPIPINTest">
    <skipped/>
  </testcase> <!-- setUPIPIN -->
  <testcase name="ChangePINWhenVPANotCreated" time="0.0" classname="mBankingTestVIJComplete.ChangePinTest">
    <skipped/>
  </testcase> <!-- ChangePINWhenVPANotCreated -->
  <testcase name="ChangePinWhenUPIPinNotAvailable" time="0.0" classname="mBankingTestVIJComplete.ChangePinTest">
    <skipped/>
  </testcase> <!-- ChangePinWhenUPIPinNotAvailable -->
  <testcase name="ChangePinInvalidNPCIPIN" time="0.0" classname="mBankingTestVIJComplete.ChangePinTest">
    <skipped/>
  </testcase> <!-- ChangePinInvalidNPCIPIN -->
  <testcase name="ChangePinValid" time="0.0" classname="mBankingTestVIJComplete.ChangePinTest">
    <skipped/>
  </testcase> <!-- ChangePinValid -->
  <testcase name="generateQRforVirAdd" time="0.0" classname="mBankingTestVIJComplete.ManageAcTest">
    <skipped/>
  </testcase> <!-- generateQRforVirAdd -->
  <testcase name="editVirAddress" time="0.0" classname="mBankingTestVIJComplete.ManageAcTest">
    <skipped/>
  </testcase> <!-- editVirAddress -->
  <testcase name="deleteVirAddress" time="0.0" classname="mBankingTestVIJComplete.ManageAcTest">
    <skipped/>
  </testcase> <!-- deleteVirAddress -->
  <testcase name="deleteBankAccount" time="0.0" classname="mBankingTestVIJComplete.ManageAcTest">
    <skipped/>
  </testcase> <!-- deleteBankAccount -->
</testsuite> <!-- Login App -->
