<html>
<head>
<title>TestNG:  Login App</title>
<link href="../testng.css" rel="stylesheet" type="text/css" />
<link href="../my-testng.css" rel="stylesheet" type="text/css" />

<style type="text/css">
.log { display: none;} 
.stack-trace { display: none;} 
</style>
<script type="text/javascript">
<!--
function flip(e) {
  current = e.style.display;
  if (current == 'block') {
    e.style.display = 'none';
    return 0;
  }
  else {
    e.style.display = 'block';
    return 1;
  }
}

function toggleBox(szDivId, elem, msg1, msg2)
{
  var res = -1;  if (document.getElementById) {
    res = flip(document.getElementById(szDivId));
  }
  else if (document.all) {
    // this is the way old msie versions work
    res = flip(document.all[szDivId]);
  }
  if(elem) {
    if(res == 0) elem.innerHTML = msg1; else elem.innerHTML = msg2;
  }

}

function toggleAllBoxes() {
  if (document.getElementsByTagName) {
    d = document.getElementsByTagName('div');
    for (i = 0; i < d.length; i++) {
      if (d[i].className == 'log') {
        flip(d[i]);
      }
    }
  }
}

// -->
</script>

</head>
<body>
<h2 align='center'>Login App</h2><table border='1' align="center">
<tr>
<td>Tests passed/Failed/Skipped:</td><td>18/4/0</td>
</tr><tr>
<td>Started on:</td><td>Thu May 10 17:20:22 IST 2018</td>
</tr>
<tr><td>Total time:</td><td>403 seconds (403477 ms)</td>
</tr><tr>
<td>Included groups:</td><td></td>
</tr><tr>
<td>Excluded groups:</td><td></td>
</tr>
</table><p/>
<small><i>(Hover the method name to see the test class name)</i></small><p/>
<table width='100%' border='1' class='invocation-failed'>
<tr><td colspan='4' align='center'><b>FAILED TESTS</b></td></tr>
<tr><td><b>Test method</b></td>
<td width="30%"><b>Exception</b></td>
<td width="10%"><b>Time (seconds)</b></td>
<td><b>Instance</b></td>
</tr>
<tr>
<td title='mBankingTestPages.PayMoneyTest.PayMoneyAad()'><b>PayMoneyAad</b><br>Test class: mBankingTestPages.PayMoneyTest</td>
<td><div><pre>org.openqa.selenium.NoSuchElementException: Can&apos;t locate an element by this strategy: Locator map: 
- native content: &quot;By.id: com.fss.pnbpsp:id/edittext_VIR_ACC_ADR_MOB1&quot; 
- html content: &quot;by id or name &quot;VirTextbox&quot;&quot;
For documentation on this error, please visit: http://seleniumhq.org/exceptions/no_such_element.html
Build info: version: &apos;2.53.1&apos;, revision: &apos;a36b8b1cd5757287168e54b817830adce9b0158d&apos;, time: &apos;2016-06-30 19:26:09&apos;
System info: host: &apos;FSSCHND13937&apos;, ip: &apos;10.44.71.115&apos;, os.name: &apos;Windows 7&apos;, os.arch: &apos;x86&apos;, os.version: &apos;6.1&apos;, java.version: &apos;1.8.0_144&apos;
Driver info: driver.version: unknown
	at io.appium.java_client.pagefactory.AppiumElementLocator.findElement(AppiumElementLocator.java:110)
	at io.appium.java_client.pagefactory.interceptors.InterceptorOfASingleElement.intercept(InterceptorOfASingleElement.java:57)
	at io.appium.java_client.android.AndroidElement$$EnhancerByCGLIB$$c0b591f0.toString(&lt;generated&gt;)
	at java.lang.String.valueOf(Unknown Source)
	at java.lang.StringBuilder.append(Unknown Source)
	at org.openqa.selenium.support.ui.ExpectedConditions$10.toString(ExpectedConditions.java:293)
	at org.openqa.selenium.support.ui.FluentWait.until(FluentWait.java:257)
	at mBankingBaseFactory.AppiumController.waitForCondition(AppiumController.java:533)
	at mBankingBaseFactory.AppiumController.waitForElement(AppiumController.java:555)
	at mBankingPageObjectFactory.LoginPage.PayMoneyAad(LoginPage.java:300)
	at mBankingTestPages.PayMoneyTest.PayMoneyAad(PayMoneyTest.java:50)
... Removed 24 stack frames</pre></div><a href='#' onClick='toggleBox("stack-trace26939293", this, "Click to show all stack frames", "Click to hide stack frames")'>Click to show all stack frames</a>
<div class='stack-trace' id='stack-trace26939293'><pre>org.openqa.selenium.NoSuchElementException: Can&apos;t locate an element by this strategy: Locator map: 
- native content: &quot;By.id: com.fss.pnbpsp:id/edittext_VIR_ACC_ADR_MOB1&quot; 
- html content: &quot;by id or name &quot;VirTextbox&quot;&quot;
For documentation on this error, please visit: http://seleniumhq.org/exceptions/no_such_element.html
Build info: version: &apos;2.53.1&apos;, revision: &apos;a36b8b1cd5757287168e54b817830adce9b0158d&apos;, time: &apos;2016-06-30 19:26:09&apos;
System info: host: &apos;FSSCHND13937&apos;, ip: &apos;10.44.71.115&apos;, os.name: &apos;Windows 7&apos;, os.arch: &apos;x86&apos;, os.version: &apos;6.1&apos;, java.version: &apos;1.8.0_144&apos;
Driver info: driver.version: unknown
	at io.appium.java_client.pagefactory.AppiumElementLocator.findElement(AppiumElementLocator.java:110)
	at io.appium.java_client.pagefactory.interceptors.InterceptorOfASingleElement.intercept(InterceptorOfASingleElement.java:57)
	at io.appium.java_client.android.AndroidElement$$EnhancerByCGLIB$$c0b591f0.toString(&lt;generated&gt;)
	at java.lang.String.valueOf(Unknown Source)
	at java.lang.StringBuilder.append(Unknown Source)
	at org.openqa.selenium.support.ui.ExpectedConditions$10.toString(ExpectedConditions.java:293)
	at org.openqa.selenium.support.ui.FluentWait.until(FluentWait.java:257)
	at mBankingBaseFactory.AppiumController.waitForCondition(AppiumController.java:533)
	at mBankingBaseFactory.AppiumController.waitForElement(AppiumController.java:555)
	at mBankingPageObjectFactory.LoginPage.PayMoneyAad(LoginPage.java:300)
	at mBankingTestPages.PayMoneyTest.PayMoneyAad(PayMoneyTest.java:50)
	at sun.reflect.NativeMethodAccessorImpl.invoke0(Native Method)
	at sun.reflect.NativeMethodAccessorImpl.invoke(Unknown Source)
	at sun.reflect.DelegatingMethodAccessorImpl.invoke(Unknown Source)
	at java.lang.reflect.Method.invoke(Unknown Source)
	at org.testng.internal.MethodInvocationHelper.invokeMethod(MethodInvocationHelper.java:86)
	at org.testng.internal.Invoker.invokeMethod(Invoker.java:643)
	at org.testng.internal.Invoker.invokeTestMethod(Invoker.java:820)
	at org.testng.internal.Invoker.invokeTestMethods(Invoker.java:1128)
	at org.testng.internal.TestMethodWorker.invokeTestMethods(TestMethodWorker.java:129)
	at org.testng.internal.TestMethodWorker.run(TestMethodWorker.java:112)
	at org.testng.TestRunner.privateRun(TestRunner.java:782)
	at org.testng.TestRunner.run(TestRunner.java:632)
	at org.testng.SuiteRunner.runTest(SuiteRunner.java:366)
	at org.testng.SuiteRunner.runSequentially(SuiteRunner.java:361)
	at org.testng.SuiteRunner.privateRun(SuiteRunner.java:319)
	at org.testng.SuiteRunner.run(SuiteRunner.java:268)
	at org.testng.SuiteRunnerWorker.runSuite(SuiteRunnerWorker.java:52)
	at org.testng.SuiteRunnerWorker.run(SuiteRunnerWorker.java:86)
	at org.testng.TestNG.runSuitesSequentially(TestNG.java:1244)
	at org.testng.TestNG.runSuitesLocally(TestNG.java:1169)
	at org.testng.TestNG.run(TestNG.java:1064)
	at org.testng.remote.AbstractRemoteTestNG.run(AbstractRemoteTestNG.java:114)
	at org.testng.remote.RemoteTestNG.initAndRun(RemoteTestNG.java:251)
	at org.testng.remote.RemoteTestNG.main(RemoteTestNG.java:77)
</pre></div></td>
<td>35</td>
<td>mBankingTestPages.PayMoneyTest@1763516</td></tr>
<tr>
<td title='mBankingTestPages.PayMoneyTest.PayMoneyIFSC()'><b>PayMoneyIFSC</b><br>Test class: mBankingTestPages.PayMoneyTest</td>
<td><div><pre>org.openqa.selenium.NoSuchElementException: Can&apos;t locate an element by this strategy: Locator map: 
- native content: &quot;By.id: com.fss.pnbpsp:id/edittext_VIR_ACC_ADR_MOB1&quot; 
- html content: &quot;by id or name &quot;VirTextbox&quot;&quot;
For documentation on this error, please visit: http://seleniumhq.org/exceptions/no_such_element.html
Build info: version: &apos;2.53.1&apos;, revision: &apos;a36b8b1cd5757287168e54b817830adce9b0158d&apos;, time: &apos;2016-06-30 19:26:09&apos;
System info: host: &apos;FSSCHND13937&apos;, ip: &apos;10.44.71.115&apos;, os.name: &apos;Windows 7&apos;, os.arch: &apos;x86&apos;, os.version: &apos;6.1&apos;, java.version: &apos;1.8.0_144&apos;
Driver info: driver.version: unknown
	at io.appium.java_client.pagefactory.AppiumElementLocator.findElement(AppiumElementLocator.java:110)
	at io.appium.java_client.pagefactory.interceptors.InterceptorOfASingleElement.intercept(InterceptorOfASingleElement.java:57)
	at io.appium.java_client.android.AndroidElement$$EnhancerByCGLIB$$c0b591f0.toString(&lt;generated&gt;)
	at java.lang.String.valueOf(Unknown Source)
	at java.lang.StringBuilder.append(Unknown Source)
	at org.openqa.selenium.support.ui.ExpectedConditions$10.toString(ExpectedConditions.java:293)
	at org.openqa.selenium.support.ui.FluentWait.until(FluentWait.java:257)
	at mBankingBaseFactory.AppiumController.waitForCondition(AppiumController.java:533)
	at mBankingBaseFactory.AppiumController.waitForElement(AppiumController.java:555)
	at mBankingPageObjectFactory.LoginPage.PayMoneyIFSC(LoginPage.java:268)
	at mBankingTestPages.PayMoneyTest.PayMoneyIFSC(PayMoneyTest.java:41)
... Removed 24 stack frames</pre></div><a href='#' onClick='toggleBox("stack-trace25976212", this, "Click to show all stack frames", "Click to hide stack frames")'>Click to show all stack frames</a>
<div class='stack-trace' id='stack-trace25976212'><pre>org.openqa.selenium.NoSuchElementException: Can&apos;t locate an element by this strategy: Locator map: 
- native content: &quot;By.id: com.fss.pnbpsp:id/edittext_VIR_ACC_ADR_MOB1&quot; 
- html content: &quot;by id or name &quot;VirTextbox&quot;&quot;
For documentation on this error, please visit: http://seleniumhq.org/exceptions/no_such_element.html
Build info: version: &apos;2.53.1&apos;, revision: &apos;a36b8b1cd5757287168e54b817830adce9b0158d&apos;, time: &apos;2016-06-30 19:26:09&apos;
System info: host: &apos;FSSCHND13937&apos;, ip: &apos;10.44.71.115&apos;, os.name: &apos;Windows 7&apos;, os.arch: &apos;x86&apos;, os.version: &apos;6.1&apos;, java.version: &apos;1.8.0_144&apos;
Driver info: driver.version: unknown
	at io.appium.java_client.pagefactory.AppiumElementLocator.findElement(AppiumElementLocator.java:110)
	at io.appium.java_client.pagefactory.interceptors.InterceptorOfASingleElement.intercept(InterceptorOfASingleElement.java:57)
	at io.appium.java_client.android.AndroidElement$$EnhancerByCGLIB$$c0b591f0.toString(&lt;generated&gt;)
	at java.lang.String.valueOf(Unknown Source)
	at java.lang.StringBuilder.append(Unknown Source)
	at org.openqa.selenium.support.ui.ExpectedConditions$10.toString(ExpectedConditions.java:293)
	at org.openqa.selenium.support.ui.FluentWait.until(FluentWait.java:257)
	at mBankingBaseFactory.AppiumController.waitForCondition(AppiumController.java:533)
	at mBankingBaseFactory.AppiumController.waitForElement(AppiumController.java:555)
	at mBankingPageObjectFactory.LoginPage.PayMoneyIFSC(LoginPage.java:268)
	at mBankingTestPages.PayMoneyTest.PayMoneyIFSC(PayMoneyTest.java:41)
	at sun.reflect.NativeMethodAccessorImpl.invoke0(Native Method)
	at sun.reflect.NativeMethodAccessorImpl.invoke(Unknown Source)
	at sun.reflect.DelegatingMethodAccessorImpl.invoke(Unknown Source)
	at java.lang.reflect.Method.invoke(Unknown Source)
	at org.testng.internal.MethodInvocationHelper.invokeMethod(MethodInvocationHelper.java:86)
	at org.testng.internal.Invoker.invokeMethod(Invoker.java:643)
	at org.testng.internal.Invoker.invokeTestMethod(Invoker.java:820)
	at org.testng.internal.Invoker.invokeTestMethods(Invoker.java:1128)
	at org.testng.internal.TestMethodWorker.invokeTestMethods(TestMethodWorker.java:129)
	at org.testng.internal.TestMethodWorker.run(TestMethodWorker.java:112)
	at org.testng.TestRunner.privateRun(TestRunner.java:782)
	at org.testng.TestRunner.run(TestRunner.java:632)
	at org.testng.SuiteRunner.runTest(SuiteRunner.java:366)
	at org.testng.SuiteRunner.runSequentially(SuiteRunner.java:361)
	at org.testng.SuiteRunner.privateRun(SuiteRunner.java:319)
	at org.testng.SuiteRunner.run(SuiteRunner.java:268)
	at org.testng.SuiteRunnerWorker.runSuite(SuiteRunnerWorker.java:52)
	at org.testng.SuiteRunnerWorker.run(SuiteRunnerWorker.java:86)
	at org.testng.TestNG.runSuitesSequentially(TestNG.java:1244)
	at org.testng.TestNG.runSuitesLocally(TestNG.java:1169)
	at org.testng.TestNG.run(TestNG.java:1064)
	at org.testng.remote.AbstractRemoteTestNG.run(AbstractRemoteTestNG.java:114)
	at org.testng.remote.RemoteTestNG.initAndRun(RemoteTestNG.java:251)
	at org.testng.remote.RemoteTestNG.main(RemoteTestNG.java:77)
</pre></div></td>
<td>37</td>
<td>mBankingTestPages.PayMoneyTest@1763516</td></tr>
<tr>
<td title='mBankingTestPages.PayMoneyTest.PayMoneyVir()'><b>PayMoneyVir</b><br>Test class: mBankingTestPages.PayMoneyTest</td>
<td><div><pre>org.openqa.selenium.NoSuchElementException: Can&apos;t locate an element by this strategy: Locator map: 
- native content: &quot;By.id: com.fss.pnbpsp:id/edittext_AMOUNT_VIR1&quot; 
- html content: &quot;by id or name &quot;virAmt&quot;&quot;
For documentation on this error, please visit: http://seleniumhq.org/exceptions/no_such_element.html
Build info: version: &apos;2.53.1&apos;, revision: &apos;a36b8b1cd5757287168e54b817830adce9b0158d&apos;, time: &apos;2016-06-30 19:26:09&apos;
System info: host: &apos;FSSCHND13937&apos;, ip: &apos;10.44.71.115&apos;, os.name: &apos;Windows 7&apos;, os.arch: &apos;x86&apos;, os.version: &apos;6.1&apos;, java.version: &apos;1.8.0_144&apos;
Driver info: driver.version: unknown
	at io.appium.java_client.pagefactory.AppiumElementLocator.findElement(AppiumElementLocator.java:110)
	at io.appium.java_client.pagefactory.interceptors.InterceptorOfASingleElement.intercept(InterceptorOfASingleElement.java:57)
	at io.appium.java_client.android.AndroidElement$$EnhancerByCGLIB$$c0b591f0.sendKeys(&lt;generated&gt;)
	at mBankingBaseFactory.AppiumController.sendText(AppiumController.java:965)
	at mBankingPageObjectFactory.LoginPage.PayMoneyVir(LoginPage.java:239)
	at mBankingTestPages.PayMoneyTest.PayMoneyVir(PayMoneyTest.java:32)
... Removed 24 stack frames</pre></div><a href='#' onClick='toggleBox("stack-trace30244860", this, "Click to show all stack frames", "Click to hide stack frames")'>Click to show all stack frames</a>
<div class='stack-trace' id='stack-trace30244860'><pre>org.openqa.selenium.NoSuchElementException: Can&apos;t locate an element by this strategy: Locator map: 
- native content: &quot;By.id: com.fss.pnbpsp:id/edittext_AMOUNT_VIR1&quot; 
- html content: &quot;by id or name &quot;virAmt&quot;&quot;
For documentation on this error, please visit: http://seleniumhq.org/exceptions/no_such_element.html
Build info: version: &apos;2.53.1&apos;, revision: &apos;a36b8b1cd5757287168e54b817830adce9b0158d&apos;, time: &apos;2016-06-30 19:26:09&apos;
System info: host: &apos;FSSCHND13937&apos;, ip: &apos;10.44.71.115&apos;, os.name: &apos;Windows 7&apos;, os.arch: &apos;x86&apos;, os.version: &apos;6.1&apos;, java.version: &apos;1.8.0_144&apos;
Driver info: driver.version: unknown
	at io.appium.java_client.pagefactory.AppiumElementLocator.findElement(AppiumElementLocator.java:110)
	at io.appium.java_client.pagefactory.interceptors.InterceptorOfASingleElement.intercept(InterceptorOfASingleElement.java:57)
	at io.appium.java_client.android.AndroidElement$$EnhancerByCGLIB$$c0b591f0.sendKeys(&lt;generated&gt;)
	at mBankingBaseFactory.AppiumController.sendText(AppiumController.java:965)
	at mBankingPageObjectFactory.LoginPage.PayMoneyVir(LoginPage.java:239)
	at mBankingTestPages.PayMoneyTest.PayMoneyVir(PayMoneyTest.java:32)
	at sun.reflect.NativeMethodAccessorImpl.invoke0(Native Method)
	at sun.reflect.NativeMethodAccessorImpl.invoke(Unknown Source)
	at sun.reflect.DelegatingMethodAccessorImpl.invoke(Unknown Source)
	at java.lang.reflect.Method.invoke(Unknown Source)
	at org.testng.internal.MethodInvocationHelper.invokeMethod(MethodInvocationHelper.java:86)
	at org.testng.internal.Invoker.invokeMethod(Invoker.java:643)
	at org.testng.internal.Invoker.invokeTestMethod(Invoker.java:820)
	at org.testng.internal.Invoker.invokeTestMethods(Invoker.java:1128)
	at org.testng.internal.TestMethodWorker.invokeTestMethods(TestMethodWorker.java:129)
	at org.testng.internal.TestMethodWorker.run(TestMethodWorker.java:112)
	at org.testng.TestRunner.privateRun(TestRunner.java:782)
	at org.testng.TestRunner.run(TestRunner.java:632)
	at org.testng.SuiteRunner.runTest(SuiteRunner.java:366)
	at org.testng.SuiteRunner.runSequentially(SuiteRunner.java:361)
	at org.testng.SuiteRunner.privateRun(SuiteRunner.java:319)
	at org.testng.SuiteRunner.run(SuiteRunner.java:268)
	at org.testng.SuiteRunnerWorker.runSuite(SuiteRunnerWorker.java:52)
	at org.testng.SuiteRunnerWorker.run(SuiteRunnerWorker.java:86)
	at org.testng.TestNG.runSuitesSequentially(TestNG.java:1244)
	at org.testng.TestNG.runSuitesLocally(TestNG.java:1169)
	at org.testng.TestNG.run(TestNG.java:1064)
	at org.testng.remote.AbstractRemoteTestNG.run(AbstractRemoteTestNG.java:114)
	at org.testng.remote.RemoteTestNG.initAndRun(RemoteTestNG.java:251)
	at org.testng.remote.RemoteTestNG.main(RemoteTestNG.java:77)
</pre></div></td>
<td>36</td>
<td>mBankingTestPages.PayMoneyTest@1763516</td></tr>
<tr>
<td title='mBankingTestPages.SetUPIPINTest.setUPIPIN()'><b>setUPIPIN</b><br>Test class: mBankingTestPages.SetUPIPINTest</td>
<td><div><pre>org.openqa.selenium.NoSuchElementException: Can&apos;t locate an element by this strategy: Locator map: 
- native content: &quot;By.id: com.fss.pnbpsp:id/imageView_arrow&quot; 
- html content: &quot;by id or name &quot;viewArrow&quot;&quot;
For documentation on this error, please visit: http://seleniumhq.org/exceptions/no_such_element.html
Build info: version: &apos;2.53.1&apos;, revision: &apos;a36b8b1cd5757287168e54b817830adce9b0158d&apos;, time: &apos;2016-06-30 19:26:09&apos;
System info: host: &apos;FSSCHND13937&apos;, ip: &apos;10.44.71.115&apos;, os.name: &apos;Windows 7&apos;, os.arch: &apos;x86&apos;, os.version: &apos;6.1&apos;, java.version: &apos;1.8.0_144&apos;
Driver info: driver.version: unknown
	at io.appium.java_client.pagefactory.AppiumElementLocator.findElement(AppiumElementLocator.java:110)
	at io.appium.java_client.pagefactory.interceptors.InterceptorOfASingleElement.intercept(InterceptorOfASingleElement.java:57)
	at io.appium.java_client.android.AndroidElement$$EnhancerByCGLIB$$c0b591f0.isDisplayed(&lt;generated&gt;)
	at mBankingPageObjectFactory.LoginPage.setPIN(LoginPage.java:154)
	at mBankingTestPages.SetUPIPINTest.setUPIPIN(SetUPIPINTest.java:32)
... Removed 24 stack frames</pre></div><a href='#' onClick='toggleBox("stack-trace7506083", this, "Click to show all stack frames", "Click to hide stack frames")'>Click to show all stack frames</a>
<div class='stack-trace' id='stack-trace7506083'><pre>org.openqa.selenium.NoSuchElementException: Can&apos;t locate an element by this strategy: Locator map: 
- native content: &quot;By.id: com.fss.pnbpsp:id/imageView_arrow&quot; 
- html content: &quot;by id or name &quot;viewArrow&quot;&quot;
For documentation on this error, please visit: http://seleniumhq.org/exceptions/no_such_element.html
Build info: version: &apos;2.53.1&apos;, revision: &apos;a36b8b1cd5757287168e54b817830adce9b0158d&apos;, time: &apos;2016-06-30 19:26:09&apos;
System info: host: &apos;FSSCHND13937&apos;, ip: &apos;10.44.71.115&apos;, os.name: &apos;Windows 7&apos;, os.arch: &apos;x86&apos;, os.version: &apos;6.1&apos;, java.version: &apos;1.8.0_144&apos;
Driver info: driver.version: unknown
	at io.appium.java_client.pagefactory.AppiumElementLocator.findElement(AppiumElementLocator.java:110)
	at io.appium.java_client.pagefactory.interceptors.InterceptorOfASingleElement.intercept(InterceptorOfASingleElement.java:57)
	at io.appium.java_client.android.AndroidElement$$EnhancerByCGLIB$$c0b591f0.isDisplayed(&lt;generated&gt;)
	at mBankingPageObjectFactory.LoginPage.setPIN(LoginPage.java:154)
	at mBankingTestPages.SetUPIPINTest.setUPIPIN(SetUPIPINTest.java:32)
	at sun.reflect.NativeMethodAccessorImpl.invoke0(Native Method)
	at sun.reflect.NativeMethodAccessorImpl.invoke(Unknown Source)
	at sun.reflect.DelegatingMethodAccessorImpl.invoke(Unknown Source)
	at java.lang.reflect.Method.invoke(Unknown Source)
	at org.testng.internal.MethodInvocationHelper.invokeMethod(MethodInvocationHelper.java:86)
	at org.testng.internal.Invoker.invokeMethod(Invoker.java:643)
	at org.testng.internal.Invoker.invokeTestMethod(Invoker.java:820)
	at org.testng.internal.Invoker.invokeTestMethods(Invoker.java:1128)
	at org.testng.internal.TestMethodWorker.invokeTestMethods(TestMethodWorker.java:129)
	at org.testng.internal.TestMethodWorker.run(TestMethodWorker.java:112)
	at org.testng.TestRunner.privateRun(TestRunner.java:782)
	at org.testng.TestRunner.run(TestRunner.java:632)
	at org.testng.SuiteRunner.runTest(SuiteRunner.java:366)
	at org.testng.SuiteRunner.runSequentially(SuiteRunner.java:361)
	at org.testng.SuiteRunner.privateRun(SuiteRunner.java:319)
	at org.testng.SuiteRunner.run(SuiteRunner.java:268)
	at org.testng.SuiteRunnerWorker.runSuite(SuiteRunnerWorker.java:52)
	at org.testng.SuiteRunnerWorker.run(SuiteRunnerWorker.java:86)
	at org.testng.TestNG.runSuitesSequentially(TestNG.java:1244)
	at org.testng.TestNG.runSuitesLocally(TestNG.java:1169)
	at org.testng.TestNG.run(TestNG.java:1064)
	at org.testng.remote.AbstractRemoteTestNG.run(AbstractRemoteTestNG.java:114)
	at org.testng.remote.RemoteTestNG.initAndRun(RemoteTestNG.java:251)
	at org.testng.remote.RemoteTestNG.main(RemoteTestNG.java:77)
</pre></div></td>
<td>4</td>
<td>mBankingTestPages.SetUPIPINTest@181ce95</td></tr>
</table><p>
<table width='100%' border='1' class='invocation-passed'>
<tr><td colspan='4' align='center'><b>PASSED TESTS</b></td></tr>
<tr><td><b>Test method</b></td>
<td width="30%"><b>Exception</b></td>
<td width="10%"><b>Time (seconds)</b></td>
<td><b>Instance</b></td>
</tr>
<tr>
<td title='mBankingTestPages.AddBankTest.AddBankValid()'><b>AddBankValid</b><br>Test class: mBankingTestPages.AddBankTest</td>
<td></td>
<td>33</td>
<td>mBankingTestPages.AddBankTest@572421</td></tr>
<tr>
<td title='mBankingTestPages.LoginPageTest.AppExit()'><b>AppExit</b><br>Test class: mBankingTestPages.LoginPageTest</td>
<td></td>
<td>3</td>
<td>mBankingTestPages.LoginPageTest@1239d7d</td></tr>
<tr>
<td title='mBankingTestPages.AddBankTest.AppExit()'><b>AppExit</b><br>Test class: mBankingTestPages.AddBankTest</td>
<td></td>
<td>18</td>
<td>mBankingTestPages.AddBankTest@572421</td></tr>
<tr>
<td title='mBankingTestPages.SetUPIPINTest.AppExit()'><b>AppExit</b><br>Test class: mBankingTestPages.SetUPIPINTest</td>
<td></td>
<td>10</td>
<td>mBankingTestPages.SetUPIPINTest@181ce95</td></tr>
<tr>
<td title='mBankingTestPages.BalanceEnquiryTest.AppExit()'><b>AppExit</b><br>Test class: mBankingTestPages.BalanceEnquiryTest</td>
<td></td>
<td>10</td>
<td>mBankingTestPages.BalanceEnquiryTest@798d51</td></tr>
<tr>
<td title='mBankingTestPages.PayMoneyTest.AppExit()'><b>AppExit</b><br>Test class: mBankingTestPages.PayMoneyTest</td>
<td></td>
<td>10</td>
<td>mBankingTestPages.PayMoneyTest@1763516</td></tr>
<tr>
<td title='mBankingTestPages.CollectMoneyTest.AppExit()'><b>AppExit</b><br>Test class: mBankingTestPages.CollectMoneyTest</td>
<td></td>
<td>10</td>
<td>mBankingTestPages.CollectMoneyTest@bf72b5</td></tr>
<tr>
<td title='mBankingTestPages.ChangePinTest.AppExit()'><b>AppExit</b><br>Test class: mBankingTestPages.ChangePinTest</td>
<td></td>
<td>19</td>
<td>mBankingTestPages.ChangePinTest@1afeb11</td></tr>
<tr>
<td title='mBankingTestPages.LoginPageTest.AppLogin()'><b>AppLogin</b><br>Test class: mBankingTestPages.LoginPageTest</td>
<td></td>
<td>12</td>
<td>mBankingTestPages.LoginPageTest@1239d7d</td></tr>
<tr>
<td title='mBankingTestPages.CollectMoneyTest.CollectMoneyVir()'><b>CollectMoneyVir</b><br>Test class: mBankingTestPages.CollectMoneyTest</td>
<td></td>
<td>43</td>
<td>mBankingTestPages.CollectMoneyTest@bf72b5</td></tr>
<tr>
<td title='mBankingTestPages.ChangePinTest.PayMoneyVir()'><b>PayMoneyVir</b><br>Test class: mBankingTestPages.ChangePinTest</td>
<td></td>
<td>14</td>
<td>mBankingTestPages.ChangePinTest@1afeb11</td></tr>
<tr>
<td title='mBankingTestPages.AddBankTest.login()'><b>login</b><br>Test class: mBankingTestPages.AddBankTest</td>
<td></td>
<td>8</td>
<td>mBankingTestPages.AddBankTest@572421</td></tr>
<tr>
<td title='mBankingTestPages.SetUPIPINTest.login()'><b>login</b><br>Test class: mBankingTestPages.SetUPIPINTest</td>
<td></td>
<td>8</td>
<td>mBankingTestPages.SetUPIPINTest@181ce95</td></tr>
<tr>
<td title='mBankingTestPages.BalanceEnquiryTest.login()'><b>login</b><br>Test class: mBankingTestPages.BalanceEnquiryTest</td>
<td></td>
<td>8</td>
<td>mBankingTestPages.BalanceEnquiryTest@798d51</td></tr>
<tr>
<td title='mBankingTestPages.PayMoneyTest.login()'><b>login</b><br>Test class: mBankingTestPages.PayMoneyTest</td>
<td></td>
<td>8</td>
<td>mBankingTestPages.PayMoneyTest@1763516</td></tr>
<tr>
<td title='mBankingTestPages.CollectMoneyTest.login()'><b>login</b><br>Test class: mBankingTestPages.CollectMoneyTest</td>
<td></td>
<td>9</td>
<td>mBankingTestPages.CollectMoneyTest@bf72b5</td></tr>
<tr>
<td title='mBankingTestPages.ChangePinTest.login()'><b>login</b><br>Test class: mBankingTestPages.ChangePinTest</td>
<td></td>
<td>9</td>
<td>mBankingTestPages.ChangePinTest@1afeb11</td></tr>
<tr>
<td title='mBankingTestPages.BalanceEnquiryTest.setUPIPIN()'><b>setUPIPIN</b><br>Test class: mBankingTestPages.BalanceEnquiryTest</td>
<td></td>
<td>32</td>
<td>mBankingTestPages.BalanceEnquiryTest@798d51</td></tr>
</table><p>
</body>
</html>