<?xml version="1.0" encoding="UTF-8"?>
<!-- Generated by org.testng.reporters.JUnitReportReporter -->
<testsuite hostname="brantansp-PC" name="mBankingTestVIJ.AddBankTest" tests="5" failures="0" timestamp="2 Jun 2018 05:56:39 GMT" time="116.421" errors="3">
  <testcase name="AddbankOnly" time="40.727" classname="mBankingTestVIJ.AddBankTest"/>
  <testcase name="AddBankAlreadyAdded" time="0.000" classname="mBankingTestVIJ.AddBankTest">
    <error type="java.lang.Throwable" message="Method AddBankTest.AddBankAlreadyAdded()[pri:0, instance:mBankingTestVIJ.AddBankTest@399f45b1] depends on not successfully finished methods">
      <![CDATA[java.lang.Throwable: Method AddBankTest.AddBankAlreadyAdded()[pri:0, instance:mBankingTestVIJ.AddBankTest@399f45b1] depends on not successfully finished methods
	at org.testng.internal.Invoker.invokeTestMethods(Invoker.java:1037)
	at org.testng.internal.TestMethodWorker.invokeTestMethods(TestMethodWorker.java:129)
	at org.testng.internal.TestMethodWorker.run(TestMethodWorker.java:112)
	at org.testng.TestRunner.privateRun(TestRunner.java:782)
	at org.testng.TestRunner.run(TestRunner.java:632)
	at org.testng.SuiteRunner.runTest(SuiteRunner.java:366)
	at org.testng.SuiteRunner.runSequentially(SuiteRunner.java:361)
	at org.testng.SuiteRunner.privateRun(SuiteRunner.java:319)
	at org.testng.SuiteRunner.run(SuiteRunner.java:268)
	at org.testng.SuiteRunnerWorker.runSuite(SuiteRunnerWorker.java:52)
	at org.testng.SuiteRunnerWorker.run(SuiteRunnerWorker.java:86)
	at org.testng.TestNG.runSuitesSequentially(TestNG.java:1244)
	at org.testng.TestNG.runSuitesLocally(TestNG.java:1169)
	at org.testng.TestNG.run(TestNG.java:1064)
	at org.testng.remote.AbstractRemoteTestNG.run(AbstractRemoteTestNG.java:114)
	at org.testng.remote.RemoteTestNG.initAndRun(RemoteTestNG.java:251)
	at org.testng.remote.RemoteTestNG.main(RemoteTestNG.java:77)
]]>
    </error>
  </testcase> <!-- AddBankAlreadyAdded -->
  <testcase name="AddBankAccNotExists" time="35.284" classname="mBankingTestVIJ.AddBankTest"/>
  <testcase name="AddbankCreateVpaOnly" time="14.201" classname="mBankingTestVIJ.AddBankTest">
    <error type="org.openqa.selenium.NoSuchElementException" message="An element could not be located on the page using the given search parameters. (WARNING: The server did not provide any stacktrace information)
Command duration or timeout: 1.02 seconds
For documentation on this error, please visit: http://seleniumhq.org/exceptions/no_such_element.html
Build info: version: &#039;2.53.1&#039;, revision: &#039;a36b8b1cd5757287168e54b817830adce9b0158d&#039;, time: &#039;2016-06-30 19:26:09&#039;
System info: host: &#039;brantansp-PC&#039;, ip: &#039;192.168.222.1&#039;, os.name: &#039;Windows 7&#039;, os.arch: &#039;amd64&#039;, os.version: &#039;6.1&#039;, java.version: &#039;1.8.0_60&#039;
Driver info: io.appium.java_client.android.AndroidDriver
Capabilities [{appPackage=com.fss.vijayapsp, deviceScreenSize=1080x1920, networkConnectionEnabled=true, orientation=null, noReset=true, warnings={}, disableAndroidWatchers=true, databaseEnabled=false, deviceName=HKE7YGUA, ignoreUnimportantViews=true, platform=LINUX, deviceUDID=HKE7YGUA, appActivity=com.fss.controller.MainActivity, desired={appPackage=com.fss.vijayapsp, appActivity=com.fss.controller.MainActivity, orientation=null, noReset=true, newCommandTimeout=9000, platformVersion=7.1.2, disableAndroidWatchers=true, platformName=Android, udid=HKE7YGUA, deviceName=e3a9c5b6, ignoreUnimportantViews=true}, newCommandTimeout=9000, platformVersion=7.1.1, webStorageEnabled=false, locationContextEnabled=false, takesScreenshot=true, javascriptEnabled=true, deviceModel=Lenovo K8 Plus, platformName=Android, udid=HKE7YGUA, deviceManufacturer=LENOVO}]
Session ID: a3477e08-3797-47a8-903a-0f177922f748
*** Element info: {Using=xpath, value=//android.widget.TextView[@text=&#039;ADD BANK ACCOUNT&#039;]}">
      <![CDATA[org.openqa.selenium.NoSuchElementException: An element could not be located on the page using the given search parameters. (WARNING: The server did not provide any stacktrace information)
Command duration or timeout: 1.02 seconds
For documentation on this error, please visit: http://seleniumhq.org/exceptions/no_such_element.html
Build info: version: '2.53.1', revision: 'a36b8b1cd5757287168e54b817830adce9b0158d', time: '2016-06-30 19:26:09'
System info: host: 'brantansp-PC', ip: '192.168.222.1', os.name: 'Windows 7', os.arch: 'amd64', os.version: '6.1', java.version: '1.8.0_60'
Driver info: io.appium.java_client.android.AndroidDriver
Capabilities [{appPackage=com.fss.vijayapsp, deviceScreenSize=1080x1920, networkConnectionEnabled=true, orientation=null, noReset=true, warnings={}, disableAndroidWatchers=true, databaseEnabled=false, deviceName=HKE7YGUA, ignoreUnimportantViews=true, platform=LINUX, deviceUDID=HKE7YGUA, appActivity=com.fss.controller.MainActivity, desired={appPackage=com.fss.vijayapsp, appActivity=com.fss.controller.MainActivity, orientation=null, noReset=true, newCommandTimeout=9000, platformVersion=7.1.2, disableAndroidWatchers=true, platformName=Android, udid=HKE7YGUA, deviceName=e3a9c5b6, ignoreUnimportantViews=true}, newCommandTimeout=9000, platformVersion=7.1.1, webStorageEnabled=false, locationContextEnabled=false, takesScreenshot=true, javascriptEnabled=true, deviceModel=Lenovo K8 Plus, platformName=Android, udid=HKE7YGUA, deviceManufacturer=LENOVO}]
Session ID: a3477e08-3797-47a8-903a-0f177922f748
*** Element info: {Using=xpath, value=//android.widget.TextView[@text='ADD BANK ACCOUNT']}
	at sun.reflect.NativeConstructorAccessorImpl.newInstance0(Native Method)
	at sun.reflect.NativeConstructorAccessorImpl.newInstance(NativeConstructorAccessorImpl.java:62)
	at sun.reflect.DelegatingConstructorAccessorImpl.newInstance(DelegatingConstructorAccessorImpl.java:45)
	at java.lang.reflect.Constructor.newInstance(Constructor.java:422)
	at org.openqa.selenium.remote.ErrorHandler.createThrowable(ErrorHandler.java:206)
	at org.openqa.selenium.remote.ErrorHandler.throwIfResponseFailed(ErrorHandler.java:158)
	at org.openqa.selenium.remote.RemoteWebDriver.execute(RemoteWebDriver.java:678)
	at io.appium.java_client.DefaultGenericMobileDriver.execute(DefaultGenericMobileDriver.java:40)
	at io.appium.java_client.AppiumDriver.execute(AppiumDriver.java:1)
	at io.appium.java_client.android.AndroidDriver.execute(AndroidDriver.java:1)
	at org.openqa.selenium.remote.RemoteWebDriver.findElement(RemoteWebDriver.java:363)
	at io.appium.java_client.DefaultGenericMobileDriver.findElement(DefaultGenericMobileDriver.java:56)
	at io.appium.java_client.AppiumDriver.findElement(AppiumDriver.java:1)
	at io.appium.java_client.android.AndroidDriver.findElement(AndroidDriver.java:1)
	at org.openqa.selenium.remote.RemoteWebDriver.findElementByXPath(RemoteWebDriver.java:500)
	at io.appium.java_client.DefaultGenericMobileDriver.findElementByXPath(DefaultGenericMobileDriver.java:134)
	at io.appium.java_client.AppiumDriver.findElementByXPath(AppiumDriver.java:1)
	at io.appium.java_client.android.AndroidDriver.findElementByXPath(AndroidDriver.java:1)
	at org.openqa.selenium.By$ByXPath.findElement(By.java:361)
	at org.openqa.selenium.remote.RemoteWebDriver.findElement(RemoteWebDriver.java:355)
	at io.appium.java_client.DefaultGenericMobileDriver.findElement(DefaultGenericMobileDriver.java:52)
	at io.appium.java_client.AppiumDriver.findElement(AppiumDriver.java:1)
	at io.appium.java_client.android.AndroidDriver.findElement(AndroidDriver.java:1)
	at mBankingBaseFactory.AppiumController.waitForTextView(AppiumController.java:586)
	at mBankingTestVIJ.AddBankTest.AddbankCreateVpaOnly(AddBankTest.java:78)
	at sun.reflect.NativeMethodAccessorImpl.invoke0(Native Method)
	at sun.reflect.NativeMethodAccessorImpl.invoke(NativeMethodAccessorImpl.java:62)
	at sun.reflect.DelegatingMethodAccessorImpl.invoke(DelegatingMethodAccessorImpl.java:43)
	at java.lang.reflect.Method.invoke(Method.java:497)
	at org.testng.internal.MethodInvocationHelper.invokeMethod(MethodInvocationHelper.java:86)
	at org.testng.internal.Invoker.invokeMethod(Invoker.java:643)
	at org.testng.internal.Invoker.invokeTestMethod(Invoker.java:820)
	at org.testng.internal.Invoker.invokeTestMethods(Invoker.java:1128)
	at org.testng.internal.TestMethodWorker.invokeTestMethods(TestMethodWorker.java:129)
	at org.testng.internal.TestMethodWorker.run(TestMethodWorker.java:112)
	at org.testng.TestRunner.privateRun(TestRunner.java:782)
	at org.testng.TestRunner.run(TestRunner.java:632)
	at org.testng.SuiteRunner.runTest(SuiteRunner.java:366)
	at org.testng.SuiteRunner.runSequentially(SuiteRunner.java:361)
	at org.testng.SuiteRunner.privateRun(SuiteRunner.java:319)
	at org.testng.SuiteRunner.run(SuiteRunner.java:268)
	at org.testng.SuiteRunnerWorker.runSuite(SuiteRunnerWorker.java:52)
	at org.testng.SuiteRunnerWorker.run(SuiteRunnerWorker.java:86)
	at org.testng.TestNG.runSuitesSequentially(TestNG.java:1244)
	at org.testng.TestNG.runSuitesLocally(TestNG.java:1169)
	at org.testng.TestNG.run(TestNG.java:1064)
	at org.testng.remote.AbstractRemoteTestNG.run(AbstractRemoteTestNG.java:114)
	at org.testng.remote.RemoteTestNG.initAndRun(RemoteTestNG.java:251)
	at org.testng.remote.RemoteTestNG.main(RemoteTestNG.java:77)
]]>
    </error>
  </testcase> <!-- AddbankCreateVpaOnly -->
  <testcase name="AddBankCreateVpaSetPin" time="26.209" classname="mBankingTestVIJ.AddBankTest">
    <error type="org.openqa.selenium.NoSuchElementException" message="An element could not be located on the page using the given search parameters. (WARNING: The server did not provide any stacktrace information)
Command duration or timeout: 1.14 seconds
For documentation on this error, please visit: http://seleniumhq.org/exceptions/no_such_element.html
Build info: version: &#039;2.53.1&#039;, revision: &#039;a36b8b1cd5757287168e54b817830adce9b0158d&#039;, time: &#039;2016-06-30 19:26:09&#039;
System info: host: &#039;brantansp-PC&#039;, ip: &#039;192.168.222.1&#039;, os.name: &#039;Windows 7&#039;, os.arch: &#039;amd64&#039;, os.version: &#039;6.1&#039;, java.version: &#039;1.8.0_60&#039;
Driver info: io.appium.java_client.android.AndroidDriver
Capabilities [{appPackage=com.fss.vijayapsp, deviceScreenSize=1080x1920, networkConnectionEnabled=true, orientation=null, noReset=true, warnings={}, disableAndroidWatchers=true, databaseEnabled=false, deviceName=HKE7YGUA, ignoreUnimportantViews=true, platform=LINUX, deviceUDID=HKE7YGUA, appActivity=com.fss.controller.MainActivity, desired={appPackage=com.fss.vijayapsp, appActivity=com.fss.controller.MainActivity, orientation=null, noReset=true, newCommandTimeout=9000, platformVersion=7.1.2, disableAndroidWatchers=true, platformName=Android, udid=HKE7YGUA, deviceName=e3a9c5b6, ignoreUnimportantViews=true}, newCommandTimeout=9000, platformVersion=7.1.1, webStorageEnabled=false, locationContextEnabled=false, takesScreenshot=true, javascriptEnabled=true, deviceModel=Lenovo K8 Plus, platformName=Android, udid=HKE7YGUA, deviceManufacturer=LENOVO}]
Session ID: a3477e08-3797-47a8-903a-0f177922f748
*** Element info: {Using=xpath, value=//android.widget.TextView[@text=&#039;Select Your Account&#039;]}">
      <![CDATA[org.openqa.selenium.NoSuchElementException: An element could not be located on the page using the given search parameters. (WARNING: The server did not provide any stacktrace information)
Command duration or timeout: 1.14 seconds
For documentation on this error, please visit: http://seleniumhq.org/exceptions/no_such_element.html
Build info: version: '2.53.1', revision: 'a36b8b1cd5757287168e54b817830adce9b0158d', time: '2016-06-30 19:26:09'
System info: host: 'brantansp-PC', ip: '192.168.222.1', os.name: 'Windows 7', os.arch: 'amd64', os.version: '6.1', java.version: '1.8.0_60'
Driver info: io.appium.java_client.android.AndroidDriver
Capabilities [{appPackage=com.fss.vijayapsp, deviceScreenSize=1080x1920, networkConnectionEnabled=true, orientation=null, noReset=true, warnings={}, disableAndroidWatchers=true, databaseEnabled=false, deviceName=HKE7YGUA, ignoreUnimportantViews=true, platform=LINUX, deviceUDID=HKE7YGUA, appActivity=com.fss.controller.MainActivity, desired={appPackage=com.fss.vijayapsp, appActivity=com.fss.controller.MainActivity, orientation=null, noReset=true, newCommandTimeout=9000, platformVersion=7.1.2, disableAndroidWatchers=true, platformName=Android, udid=HKE7YGUA, deviceName=e3a9c5b6, ignoreUnimportantViews=true}, newCommandTimeout=9000, platformVersion=7.1.1, webStorageEnabled=false, locationContextEnabled=false, takesScreenshot=true, javascriptEnabled=true, deviceModel=Lenovo K8 Plus, platformName=Android, udid=HKE7YGUA, deviceManufacturer=LENOVO}]
Session ID: a3477e08-3797-47a8-903a-0f177922f748
*** Element info: {Using=xpath, value=//android.widget.TextView[@text='Select Your Account']}
	at sun.reflect.NativeConstructorAccessorImpl.newInstance0(Native Method)
	at sun.reflect.NativeConstructorAccessorImpl.newInstance(NativeConstructorAccessorImpl.java:62)
	at sun.reflect.DelegatingConstructorAccessorImpl.newInstance(DelegatingConstructorAccessorImpl.java:45)
	at java.lang.reflect.Constructor.newInstance(Constructor.java:422)
	at org.openqa.selenium.remote.ErrorHandler.createThrowable(ErrorHandler.java:206)
	at org.openqa.selenium.remote.ErrorHandler.throwIfResponseFailed(ErrorHandler.java:158)
	at org.openqa.selenium.remote.RemoteWebDriver.execute(RemoteWebDriver.java:678)
	at io.appium.java_client.DefaultGenericMobileDriver.execute(DefaultGenericMobileDriver.java:40)
	at io.appium.java_client.AppiumDriver.execute(AppiumDriver.java:1)
	at io.appium.java_client.android.AndroidDriver.execute(AndroidDriver.java:1)
	at org.openqa.selenium.remote.RemoteWebDriver.findElement(RemoteWebDriver.java:363)
	at io.appium.java_client.DefaultGenericMobileDriver.findElement(DefaultGenericMobileDriver.java:56)
	at io.appium.java_client.AppiumDriver.findElement(AppiumDriver.java:1)
	at io.appium.java_client.android.AndroidDriver.findElement(AndroidDriver.java:1)
	at org.openqa.selenium.remote.RemoteWebDriver.findElementByXPath(RemoteWebDriver.java:500)
	at io.appium.java_client.DefaultGenericMobileDriver.findElementByXPath(DefaultGenericMobileDriver.java:134)
	at io.appium.java_client.AppiumDriver.findElementByXPath(AppiumDriver.java:1)
	at io.appium.java_client.android.AndroidDriver.findElementByXPath(AndroidDriver.java:1)
	at org.openqa.selenium.By$ByXPath.findElement(By.java:361)
	at org.openqa.selenium.remote.RemoteWebDriver.findElement(RemoteWebDriver.java:355)
	at io.appium.java_client.DefaultGenericMobileDriver.findElement(DefaultGenericMobileDriver.java:52)
	at io.appium.java_client.AppiumDriver.findElement(AppiumDriver.java:1)
	at io.appium.java_client.android.AndroidDriver.findElement(AndroidDriver.java:1)
	at mBankingBaseFactory.AppiumController.waitForTextView(AppiumController.java:586)
	at mBankingTestVIJ.AddBankTest.AddBankCreateVpaSetPin(AddBankTest.java:138)
	at sun.reflect.NativeMethodAccessorImpl.invoke0(Native Method)
	at sun.reflect.NativeMethodAccessorImpl.invoke(NativeMethodAccessorImpl.java:62)
	at sun.reflect.DelegatingMethodAccessorImpl.invoke(DelegatingMethodAccessorImpl.java:43)
	at java.lang.reflect.Method.invoke(Method.java:497)
	at org.testng.internal.MethodInvocationHelper.invokeMethod(MethodInvocationHelper.java:86)
	at org.testng.internal.Invoker.invokeMethod(Invoker.java:643)
	at org.testng.internal.Invoker.invokeTestMethod(Invoker.java:820)
	at org.testng.internal.Invoker.invokeTestMethods(Invoker.java:1128)
	at org.testng.internal.TestMethodWorker.invokeTestMethods(TestMethodWorker.java:129)
	at org.testng.internal.TestMethodWorker.run(TestMethodWorker.java:112)
	at org.testng.TestRunner.privateRun(TestRunner.java:782)
	at org.testng.TestRunner.run(TestRunner.java:632)
	at org.testng.SuiteRunner.runTest(SuiteRunner.java:366)
	at org.testng.SuiteRunner.runSequentially(SuiteRunner.java:361)
	at org.testng.SuiteRunner.privateRun(SuiteRunner.java:319)
	at org.testng.SuiteRunner.run(SuiteRunner.java:268)
	at org.testng.SuiteRunnerWorker.runSuite(SuiteRunnerWorker.java:52)
	at org.testng.SuiteRunnerWorker.run(SuiteRunnerWorker.java:86)
	at org.testng.TestNG.runSuitesSequentially(TestNG.java:1244)
	at org.testng.TestNG.runSuitesLocally(TestNG.java:1169)
	at org.testng.TestNG.run(TestNG.java:1064)
	at org.testng.remote.AbstractRemoteTestNG.run(AbstractRemoteTestNG.java:114)
	at org.testng.remote.RemoteTestNG.initAndRun(RemoteTestNG.java:251)
	at org.testng.remote.RemoteTestNG.main(RemoteTestNG.java:77)
]]>
    </error>
  </testcase> <!-- AddBankCreateVpaSetPin -->
</testsuite> <!-- mBankingTestVIJ.AddBankTest -->
