<!DOCTYPE html PUBLIC "-//W3C//DTD XHTML 1.1//EN" "http://www.w3.org/TR/xhtml11/DTD/xhtml11.dtd">
<html xmlns="http://www.w3.org/1999/xhtml"><head><title>TestNG Report</title><style type="text/css">table {margin-bottom:10px;border-collapse:collapse;empty-cells:show}th,td {border:1px solid #009;padding:.25em .5em}th {vertical-align:bottom}td {vertical-align:top}table a {font-weight:bold}.stripe td {background-color: #E6EBF9}.num {text-align:right}.passedodd td {background-color: #3F3}.passedeven td {background-color: #0A0}.skippedodd td {background-color: #DDD}.skippedeven td {background-color: #CCC}.failedodd td,.attn {background-color: #F33}.failedeven td,.stripe .attn {background-color: #D00}.stacktrace {white-space:pre;font-family:monospace}.totop {font-size:85%;text-align:center;border-bottom:2px solid #000}</style></head><body><table><tr><th>Test</th><th># Passed</th><th># Skipped</th><th># Failed</th><th>Time (ms)</th><th>Included Groups</th><th>Excluded Groups</th></tr><tr><th colspan="7">Positive Transaction flow</th></tr><tr><td><a href="#t0">Login App</a></td><td class="num">1</td><td class="num">0</td><td class="num attn">2</td><td class="num">212,369</td><td></td><td></td></tr></table><table><thead><tr><th>Class</th><th>Method</th><th>Start</th><th>Time (ms)</th></tr></thead><tbody><tr><th colspan="4">Positive Transaction flow</th></tr></tbody><tbody id="t0"><tr><th colspan="4">Login App &#8212; failed (configuration methods)</th></tr><tr class="failedeven"><td rowspan="1">mBankingTestPages.AddBankTest</td><td><a href="#m0">afterClass</a></td><td rowspan="1">1526043368501</td><td rowspan="1">0</td></tr><tr><th colspan="4">Login App &#8212; failed</th></tr><tr class="failedeven"><td rowspan="2">mBankingTestPages.AddBankTest</td><td><a href="#m1">AddBankAccNotExists</a></td><td rowspan="1">1526043299710</td><td rowspan="1">65843</td></tr><tr class="failedeven"><td><a href="#m2">AddBankAlreadyAdded</a></td><td rowspan="1">1526043231786</td><td rowspan="1">64975</td></tr><tr><th colspan="4">Login App &#8212; skipped (configuration methods)</th></tr><tr class="skippedeven"><td rowspan="1">mBankingTestPages.AddBankTest</td><td><a href="#m3">tearDown</a></td><td rowspan="1">1526043377537</td><td rowspan="1">0</td></tr><tr><th colspan="4">Login App &#8212; passed</th></tr><tr class="passedeven"><td rowspan="1">mBankingTestPages.AddBankTest</td><td><a href="#m4">AddBankValid</a></td><td rowspan="1">1526043176215</td><td rowspan="1">55566</td></tr></tbody></table><h2>Login App</h2><h3 id="m0">mBankingTestPages.AddBankTest#afterClass</h3><table class="result"><tr><th>Exception</th></tr><tr><td><div class="stacktrace">org.openqa.selenium.NoSuchElementException: Can&apos;t locate an element by this strategy: Locator map: 
- native content: &quot;By.id: com.fss.pnbpsp:id/button_no&quot; 
- html content: &quot;by id or name &quot;noBtn&quot;&quot;
For documentation on this error, please visit: http://seleniumhq.org/exceptions/no_such_element.html
Build info: version: &apos;2.53.1&apos;, revision: &apos;a36b8b1cd5757287168e54b817830adce9b0158d&apos;, time: &apos;2016-06-30 19:26:09&apos;
System info: host: &apos;FSSCHND13937&apos;, ip: &apos;10.44.71.115&apos;, os.name: &apos;Windows 7&apos;, os.arch: &apos;x86&apos;, os.version: &apos;6.1&apos;, java.version: &apos;1.8.0_144&apos;
Driver info: driver.version: unknown
	at io.appium.java_client.pagefactory.AppiumElementLocator.findElement(AppiumElementLocator.java:110)
	at io.appium.java_client.pagefactory.interceptors.InterceptorOfASingleElement.intercept(InterceptorOfASingleElement.java:57)
	at io.appium.java_client.android.AndroidElement$$EnhancerByCGLIB$$c0b591f0.isDisplayed(&lt;generated&gt;)
	at mBankingBaseFactory.AppiumController.isDisplayed(AppiumController.java:612)
	at mBankingPageObjectFactory.BasePage.exitapp(BasePage.java:75)
	at mBankingBaseFactory.AppiumController.afterClass(AppiumController.java:169)
... Removed 24 stack frames</div></td></tr></table><p class="totop"><a href="#summary">back to summary</a></p><h3 id="m1">mBankingTestPages.AddBankTest#AddBankAccNotExists</h3><table class="result"><tr><th>Exception</th></tr><tr><td><div class="stacktrace">org.openqa.selenium.NoSuchElementException: Can&apos;t locate an element by this strategy: Locator map: 
- native content: &quot;By.id: com.fss.pnbpsp:id/autoCompleteTextView1&quot; 
- html content: &quot;by id or name &quot;searchBankBox&quot;&quot;
For documentation on this error, please visit: http://seleniumhq.org/exceptions/no_such_element.html
Build info: version: &apos;2.53.1&apos;, revision: &apos;a36b8b1cd5757287168e54b817830adce9b0158d&apos;, time: &apos;2016-06-30 19:26:09&apos;
System info: host: &apos;FSSCHND13937&apos;, ip: &apos;10.44.71.115&apos;, os.name: &apos;Windows 7&apos;, os.arch: &apos;x86&apos;, os.version: &apos;6.1&apos;, java.version: &apos;1.8.0_144&apos;
Driver info: driver.version: unknown
	at io.appium.java_client.pagefactory.AppiumElementLocator.findElement(AppiumElementLocator.java:110)
	at io.appium.java_client.pagefactory.interceptors.InterceptorOfASingleElement.intercept(InterceptorOfASingleElement.java:57)
	at io.appium.java_client.android.AndroidElement$$EnhancerByCGLIB$$c0b591f0.sendKeys(&lt;generated&gt;)
	at mBankingBaseFactory.AppiumController.sendText(AppiumController.java:971)
	at mBankingPageObjectFactory.BasePage.addBank(BasePage.java:106)
	at mBankingTestPages.AddBankTest.AddBankAccNotExists(AddBankTest.java:42)
... Removed 24 stack frames</div></td></tr></table><p class="totop"><a href="#summary">back to summary</a></p><h3 id="m2">mBankingTestPages.AddBankTest#AddBankAlreadyAdded</h3><table class="result"><tr><th>Exception</th></tr><tr><td><div class="stacktrace">org.openqa.selenium.NoSuchElementException: Can&apos;t locate an element by this strategy: Locator map: 
- native content: &quot;By.id: com.fss.pnbpsp:id/autoCompleteTextView1&quot; 
- html content: &quot;by id or name &quot;searchBankBox&quot;&quot;
For documentation on this error, please visit: http://seleniumhq.org/exceptions/no_such_element.html
Build info: version: &apos;2.53.1&apos;, revision: &apos;a36b8b1cd5757287168e54b817830adce9b0158d&apos;, time: &apos;2016-06-30 19:26:09&apos;
System info: host: &apos;FSSCHND13937&apos;, ip: &apos;10.44.71.115&apos;, os.name: &apos;Windows 7&apos;, os.arch: &apos;x86&apos;, os.version: &apos;6.1&apos;, java.version: &apos;1.8.0_144&apos;
Driver info: driver.version: unknown
	at io.appium.java_client.pagefactory.AppiumElementLocator.findElement(AppiumElementLocator.java:110)
	at io.appium.java_client.pagefactory.interceptors.InterceptorOfASingleElement.intercept(InterceptorOfASingleElement.java:57)
	at io.appium.java_client.android.AndroidElement$$EnhancerByCGLIB$$c0b591f0.sendKeys(&lt;generated&gt;)
	at mBankingBaseFactory.AppiumController.sendText(AppiumController.java:971)
	at mBankingPageObjectFactory.BasePage.addBank(BasePage.java:106)
	at mBankingTestPages.AddBankTest.AddBankAlreadyAdded(AddBankTest.java:33)
... Removed 24 stack frames</div></td></tr></table><p class="totop"><a href="#summary">back to summary</a></p><h3 id="m3">mBankingTestPages.AddBankTest#tearDown</h3><table class="result"></table><p class="totop"><a href="#summary">back to summary</a></p><h3 id="m4">mBankingTestPages.AddBankTest#AddBankValid</h3><table class="result"></table><p class="totop"><a href="#summary">back to summary</a></p></body></html>