<?xml version="1.0" encoding="UTF-8"?>
<testng-results skipped="0" failed="2" total="3" passed="1">
  <reporter-output>
  </reporter-output>
  <suite name="Positive Transaction flow" duration-ms="212369" started-at="2018-05-11T12:52:45Z" finished-at="2018-05-11T12:56:17Z">
    <groups>
    </groups>
    <test name="Login App" duration-ms="212369" started-at="2018-05-11T12:52:45Z" finished-at="2018-05-11T12:56:17Z">
      <class name="mBankingTestPages.AddBankTest">
        <test-method status="PASS" signature="extentReportSetUp()[pri:0, instance:mBankingTestPages.AddBankTest@18d318c]" name="extentReportSetUp" is-config="true" duration-ms="29753" started-at="2018-05-11T18:22:15Z" finished-at="2018-05-11T18:22:45Z">
          <reporter-output>
          </reporter-output>
        </test-method> <!-- extentReportSetUp -->
        <test-method status="PASS" signature="beforeClass()[pri:0, instance:mBankingTestPages.AddBankTest@18d318c]" name="beforeClass" is-config="true" duration-ms="11004" started-at="2018-05-11T18:22:45Z" finished-at="2018-05-11T18:22:56Z">
          <reporter-output>
          </reporter-output>
        </test-method> <!-- beforeClass -->
        <test-method status="PASS" signature="extentbeforeMethod(java.lang.reflect.Method)[pri:0, instance:mBankingTestPages.AddBankTest@18d318c]" name="extentbeforeMethod" is-config="true" duration-ms="8" started-at="2018-05-11T18:22:56Z" finished-at="2018-05-11T18:22:56Z">
          <params>
            <param index="0">
              <value>
                <![CDATA[public void mBankingTestPages.AddBankTest.AddBankValid() throws java.lang.InterruptedException]]>
              </value>
            </param>
          </params>
          <reporter-output>
          </reporter-output>
        </test-method> <!-- extentbeforeMethod -->
        <test-method status="PASS" signature="AddBankValid()[pri:1, instance:mBankingTestPages.AddBankTest@18d318c]" name="AddBankValid" duration-ms="55566" started-at="2018-05-11T18:22:56Z" finished-at="2018-05-11T18:23:51Z">
          <reporter-output>
          </reporter-output>
        </test-method> <!-- AddBankValid -->
        <test-method status="PASS" signature="extentGetResult(org.testng.ITestResult)[pri:0, instance:mBankingTestPages.AddBankTest@18d318c]" name="extentGetResult" is-config="true" duration-ms="2" started-at="2018-05-11T18:23:51Z" finished-at="2018-05-11T18:23:51Z">
          <params>
            <param index="0">
              <value>
                <![CDATA[[TestResult name=AddBankValid status=SUCCESS method=AddBankTest.AddBankValid()[pri:1, instance:mBankingTestPages.AddBankTest@18d318c] output={null}]]]>
              </value>
            </param>
          </params>
          <reporter-output>
          </reporter-output>
        </test-method> <!-- extentGetResult -->
        <test-method status="PASS" signature="extentbeforeMethod(java.lang.reflect.Method)[pri:0, instance:mBankingTestPages.AddBankTest@18d318c]" name="extentbeforeMethod" is-config="true" duration-ms="1" started-at="2018-05-11T18:23:51Z" finished-at="2018-05-11T18:23:51Z">
          <params>
            <param index="0">
              <value>
                <![CDATA[public void mBankingTestPages.AddBankTest.AddBankAlreadyAdded() throws java.lang.InterruptedException]]>
              </value>
            </param>
          </params>
          <reporter-output>
          </reporter-output>
        </test-method> <!-- extentbeforeMethod -->
        <test-method status="FAIL" signature="AddBankAlreadyAdded()[pri:2, instance:mBankingTestPages.AddBankTest@18d318c]" name="AddBankAlreadyAdded" duration-ms="64975" started-at="2018-05-11T18:23:51Z" finished-at="2018-05-11T18:24:56Z">
          <exception class="org.openqa.selenium.NoSuchElementException">
            <message>
              <![CDATA[Can't locate an element by this strategy: Locator map: 
- native content: "By.id: com.fss.pnbpsp:id/autoCompleteTextView1" 
- html content: "by id or name "searchBankBox""
For documentation on this error, please visit: http://seleniumhq.org/exceptions/no_such_element.html
Build info: version: '2.53.1', revision: 'a36b8b1cd5757287168e54b817830adce9b0158d', time: '2016-06-30 19:26:09'
System info: host: 'FSSCHND13937', ip: '10.44.71.115', os.name: 'Windows 7', os.arch: 'x86', os.version: '6.1', java.version: '1.8.0_144'
Driver info: driver.version: unknown]]>
            </message>
            <full-stacktrace>
              <![CDATA[org.openqa.selenium.NoSuchElementException: Can't locate an element by this strategy: Locator map: 
- native content: "By.id: com.fss.pnbpsp:id/autoCompleteTextView1" 
- html content: "by id or name "searchBankBox""
For documentation on this error, please visit: http://seleniumhq.org/exceptions/no_such_element.html
Build info: version: '2.53.1', revision: 'a36b8b1cd5757287168e54b817830adce9b0158d', time: '2016-06-30 19:26:09'
System info: host: 'FSSCHND13937', ip: '10.44.71.115', os.name: 'Windows 7', os.arch: 'x86', os.version: '6.1', java.version: '1.8.0_144'
Driver info: driver.version: unknown
	at io.appium.java_client.pagefactory.AppiumElementLocator.findElement(AppiumElementLocator.java:110)
	at io.appium.java_client.pagefactory.interceptors.InterceptorOfASingleElement.intercept(InterceptorOfASingleElement.java:57)
	at io.appium.java_client.android.AndroidElement$$EnhancerByCGLIB$$c0b591f0.sendKeys(<generated>)
	at mBankingBaseFactory.AppiumController.sendText(AppiumController.java:971)
	at mBankingPageObjectFactory.BasePage.addBank(BasePage.java:106)
	at mBankingTestPages.AddBankTest.AddBankAlreadyAdded(AddBankTest.java:33)
	at sun.reflect.NativeMethodAccessorImpl.invoke0(Native Method)
	at sun.reflect.NativeMethodAccessorImpl.invoke(Unknown Source)
	at sun.reflect.DelegatingMethodAccessorImpl.invoke(Unknown Source)
	at java.lang.reflect.Method.invoke(Unknown Source)
	at org.testng.internal.MethodInvocationHelper.invokeMethod(MethodInvocationHelper.java:86)
	at org.testng.internal.Invoker.invokeMethod(Invoker.java:643)
	at org.testng.internal.Invoker.invokeTestMethod(Invoker.java:820)
	at org.testng.internal.Invoker.invokeTestMethods(Invoker.java:1128)
	at org.testng.internal.TestMethodWorker.invokeTestMethods(TestMethodWorker.java:129)
	at org.testng.internal.TestMethodWorker.run(TestMethodWorker.java:112)
	at org.testng.TestRunner.privateRun(TestRunner.java:782)
	at org.testng.TestRunner.run(TestRunner.java:632)
	at org.testng.SuiteRunner.runTest(SuiteRunner.java:366)
	at org.testng.SuiteRunner.runSequentially(SuiteRunner.java:361)
	at org.testng.SuiteRunner.privateRun(SuiteRunner.java:319)
	at org.testng.SuiteRunner.run(SuiteRunner.java:268)
	at org.testng.SuiteRunnerWorker.runSuite(SuiteRunnerWorker.java:52)
	at org.testng.SuiteRunnerWorker.run(SuiteRunnerWorker.java:86)
	at org.testng.TestNG.runSuitesSequentially(TestNG.java:1244)
	at org.testng.TestNG.runSuitesLocally(TestNG.java:1169)
	at org.testng.TestNG.run(TestNG.java:1064)
	at org.testng.remote.AbstractRemoteTestNG.run(AbstractRemoteTestNG.java:114)
	at org.testng.remote.RemoteTestNG.initAndRun(RemoteTestNG.java:251)
	at org.testng.remote.RemoteTestNG.main(RemoteTestNG.java:77)
]]>
            </full-stacktrace>
          </exception> <!-- org.openqa.selenium.NoSuchElementException -->
          <reporter-output>
          </reporter-output>
        </test-method> <!-- AddBankAlreadyAdded -->
        <test-method status="PASS" signature="extentGetResult(org.testng.ITestResult)[pri:0, instance:mBankingTestPages.AddBankTest@18d318c]" name="extentGetResult" is-config="true" duration-ms="2936" started-at="2018-05-11T18:24:56Z" finished-at="2018-05-11T18:24:59Z">
          <params>
            <param index="0">
              <value>
                <![CDATA[[TestResult name=AddBankAlreadyAdded status=FAILURE method=AddBankTest.AddBankAlreadyAdded()[pri:2, instance:mBankingTestPages.AddBankTest@18d318c] output={null}]]]>
              </value>
            </param>
          </params>
          <reporter-output>
          </reporter-output>
        </test-method> <!-- extentGetResult -->
        <test-method status="PASS" signature="extentbeforeMethod(java.lang.reflect.Method)[pri:0, instance:mBankingTestPages.AddBankTest@18d318c]" name="extentbeforeMethod" is-config="true" duration-ms="0" started-at="2018-05-11T18:24:59Z" finished-at="2018-05-11T18:24:59Z">
          <params>
            <param index="0">
              <value>
                <![CDATA[public void mBankingTestPages.AddBankTest.AddBankAccNotExists() throws java.lang.InterruptedException]]>
              </value>
            </param>
          </params>
          <reporter-output>
          </reporter-output>
        </test-method> <!-- extentbeforeMethod -->
        <test-method status="FAIL" signature="AddBankAccNotExists()[pri:2, instance:mBankingTestPages.AddBankTest@18d318c]" name="AddBankAccNotExists" duration-ms="65843" started-at="2018-05-11T18:24:59Z" finished-at="2018-05-11T18:26:05Z">
          <exception class="org.openqa.selenium.NoSuchElementException">
            <message>
              <![CDATA[Can't locate an element by this strategy: Locator map: 
- native content: "By.id: com.fss.pnbpsp:id/autoCompleteTextView1" 
- html content: "by id or name "searchBankBox""
For documentation on this error, please visit: http://seleniumhq.org/exceptions/no_such_element.html
Build info: version: '2.53.1', revision: 'a36b8b1cd5757287168e54b817830adce9b0158d', time: '2016-06-30 19:26:09'
System info: host: 'FSSCHND13937', ip: '10.44.71.115', os.name: 'Windows 7', os.arch: 'x86', os.version: '6.1', java.version: '1.8.0_144'
Driver info: driver.version: unknown]]>
            </message>
            <full-stacktrace>
              <![CDATA[org.openqa.selenium.NoSuchElementException: Can't locate an element by this strategy: Locator map: 
- native content: "By.id: com.fss.pnbpsp:id/autoCompleteTextView1" 
- html content: "by id or name "searchBankBox""
For documentation on this error, please visit: http://seleniumhq.org/exceptions/no_such_element.html
Build info: version: '2.53.1', revision: 'a36b8b1cd5757287168e54b817830adce9b0158d', time: '2016-06-30 19:26:09'
System info: host: 'FSSCHND13937', ip: '10.44.71.115', os.name: 'Windows 7', os.arch: 'x86', os.version: '6.1', java.version: '1.8.0_144'
Driver info: driver.version: unknown
	at io.appium.java_client.pagefactory.AppiumElementLocator.findElement(AppiumElementLocator.java:110)
	at io.appium.java_client.pagefactory.interceptors.InterceptorOfASingleElement.intercept(InterceptorOfASingleElement.java:57)
	at io.appium.java_client.android.AndroidElement$$EnhancerByCGLIB$$c0b591f0.sendKeys(<generated>)
	at mBankingBaseFactory.AppiumController.sendText(AppiumController.java:971)
	at mBankingPageObjectFactory.BasePage.addBank(BasePage.java:106)
	at mBankingTestPages.AddBankTest.AddBankAccNotExists(AddBankTest.java:42)
	at sun.reflect.NativeMethodAccessorImpl.invoke0(Native Method)
	at sun.reflect.NativeMethodAccessorImpl.invoke(Unknown Source)
	at sun.reflect.DelegatingMethodAccessorImpl.invoke(Unknown Source)
	at java.lang.reflect.Method.invoke(Unknown Source)
	at org.testng.internal.MethodInvocationHelper.invokeMethod(MethodInvocationHelper.java:86)
	at org.testng.internal.Invoker.invokeMethod(Invoker.java:643)
	at org.testng.internal.Invoker.invokeTestMethod(Invoker.java:820)
	at org.testng.internal.Invoker.invokeTestMethods(Invoker.java:1128)
	at org.testng.internal.TestMethodWorker.invokeTestMethods(TestMethodWorker.java:129)
	at org.testng.internal.TestMethodWorker.run(TestMethodWorker.java:112)
	at org.testng.TestRunner.privateRun(TestRunner.java:782)
	at org.testng.TestRunner.run(TestRunner.java:632)
	at org.testng.SuiteRunner.runTest(SuiteRunner.java:366)
	at org.testng.SuiteRunner.runSequentially(SuiteRunner.java:361)
	at org.testng.SuiteRunner.privateRun(SuiteRunner.java:319)
	at org.testng.SuiteRunner.run(SuiteRunner.java:268)
	at org.testng.SuiteRunnerWorker.runSuite(SuiteRunnerWorker.java:52)
	at org.testng.SuiteRunnerWorker.run(SuiteRunnerWorker.java:86)
	at org.testng.TestNG.runSuitesSequentially(TestNG.java:1244)
	at org.testng.TestNG.runSuitesLocally(TestNG.java:1169)
	at org.testng.TestNG.run(TestNG.java:1064)
	at org.testng.remote.AbstractRemoteTestNG.run(AbstractRemoteTestNG.java:114)
	at org.testng.remote.RemoteTestNG.initAndRun(RemoteTestNG.java:251)
	at org.testng.remote.RemoteTestNG.main(RemoteTestNG.java:77)
]]>
            </full-stacktrace>
          </exception> <!-- org.openqa.selenium.NoSuchElementException -->
          <reporter-output>
          </reporter-output>
        </test-method> <!-- AddBankAccNotExists -->
        <test-method status="PASS" signature="extentGetResult(org.testng.ITestResult)[pri:0, instance:mBankingTestPages.AddBankTest@18d318c]" name="extentGetResult" is-config="true" duration-ms="2937" started-at="2018-05-11T18:26:05Z" finished-at="2018-05-11T18:26:08Z">
          <params>
            <param index="0">
              <value>
                <![CDATA[[TestResult name=AddBankAccNotExists status=FAILURE method=AddBankTest.AddBankAccNotExists()[pri:2, instance:mBankingTestPages.AddBankTest@18d318c] output={null}]]]>
              </value>
            </param>
          </params>
          <reporter-output>
          </reporter-output>
        </test-method> <!-- extentGetResult -->
        <test-method status="FAIL" signature="afterClass()[pri:0, instance:mBankingTestPages.AddBankTest@18d318c]" name="afterClass" is-config="true" duration-ms="0" started-at="2018-05-11T18:26:08Z" finished-at="2018-05-11T18:26:08Z">
          <exception class="org.openqa.selenium.NoSuchElementException">
            <message>
              <![CDATA[Can't locate an element by this strategy: Locator map: 
- native content: "By.id: com.fss.pnbpsp:id/button_no" 
- html content: "by id or name "noBtn""
For documentation on this error, please visit: http://seleniumhq.org/exceptions/no_such_element.html
Build info: version: '2.53.1', revision: 'a36b8b1cd5757287168e54b817830adce9b0158d', time: '2016-06-30 19:26:09'
System info: host: 'FSSCHND13937', ip: '10.44.71.115', os.name: 'Windows 7', os.arch: 'x86', os.version: '6.1', java.version: '1.8.0_144'
Driver info: driver.version: unknown]]>
            </message>
            <full-stacktrace>
              <![CDATA[org.openqa.selenium.NoSuchElementException: Can't locate an element by this strategy: Locator map: 
- native content: "By.id: com.fss.pnbpsp:id/button_no" 
- html content: "by id or name "noBtn""
For documentation on this error, please visit: http://seleniumhq.org/exceptions/no_such_element.html
Build info: version: '2.53.1', revision: 'a36b8b1cd5757287168e54b817830adce9b0158d', time: '2016-06-30 19:26:09'
System info: host: 'FSSCHND13937', ip: '10.44.71.115', os.name: 'Windows 7', os.arch: 'x86', os.version: '6.1', java.version: '1.8.0_144'
Driver info: driver.version: unknown
	at io.appium.java_client.pagefactory.AppiumElementLocator.findElement(AppiumElementLocator.java:110)
	at io.appium.java_client.pagefactory.interceptors.InterceptorOfASingleElement.intercept(InterceptorOfASingleElement.java:57)
	at io.appium.java_client.android.AndroidElement$$EnhancerByCGLIB$$c0b591f0.isDisplayed(<generated>)
	at mBankingBaseFactory.AppiumController.isDisplayed(AppiumController.java:612)
	at mBankingPageObjectFactory.BasePage.exitapp(BasePage.java:75)
	at mBankingBaseFactory.AppiumController.afterClass(AppiumController.java:169)
	at sun.reflect.NativeMethodAccessorImpl.invoke0(Native Method)
	at sun.reflect.NativeMethodAccessorImpl.invoke(Unknown Source)
	at sun.reflect.DelegatingMethodAccessorImpl.invoke(Unknown Source)
	at java.lang.reflect.Method.invoke(Unknown Source)
	at org.testng.internal.MethodInvocationHelper.invokeMethod(MethodInvocationHelper.java:86)
	at org.testng.internal.Invoker.invokeConfigurationMethod(Invoker.java:514)
	at org.testng.internal.Invoker.invokeConfigurations(Invoker.java:215)
	at org.testng.internal.Invoker.invokeConfigurations(Invoker.java:142)
	at org.testng.internal.TestMethodWorker.invokeAfterClassMethods(TestMethodWorker.java:232)
	at org.testng.internal.TestMethodWorker.run(TestMethodWorker.java:115)
	at org.testng.TestRunner.privateRun(TestRunner.java:782)
	at org.testng.TestRunner.run(TestRunner.java:632)
	at org.testng.SuiteRunner.runTest(SuiteRunner.java:366)
	at org.testng.SuiteRunner.runSequentially(SuiteRunner.java:361)
	at org.testng.SuiteRunner.privateRun(SuiteRunner.java:319)
	at org.testng.SuiteRunner.run(SuiteRunner.java:268)
	at org.testng.SuiteRunnerWorker.runSuite(SuiteRunnerWorker.java:52)
	at org.testng.SuiteRunnerWorker.run(SuiteRunnerWorker.java:86)
	at org.testng.TestNG.runSuitesSequentially(TestNG.java:1244)
	at org.testng.TestNG.runSuitesLocally(TestNG.java:1169)
	at org.testng.TestNG.run(TestNG.java:1064)
	at org.testng.remote.AbstractRemoteTestNG.run(AbstractRemoteTestNG.java:114)
	at org.testng.remote.RemoteTestNG.initAndRun(RemoteTestNG.java:251)
	at org.testng.remote.RemoteTestNG.main(RemoteTestNG.java:77)
]]>
            </full-stacktrace>
          </exception> <!-- org.openqa.selenium.NoSuchElementException -->
          <reporter-output>
          </reporter-output>
        </test-method> <!-- afterClass -->
        <test-method status="SKIP" signature="tearDown()[pri:0, instance:mBankingTestPages.AddBankTest@18d318c]" name="tearDown" is-config="true" duration-ms="0" started-at="2018-05-11T18:26:17Z" finished-at="2018-05-11T18:26:17Z">
          <reporter-output>
          </reporter-output>
        </test-method> <!-- tearDown -->
      </class> <!-- mBankingTestPages.AddBankTest -->
    </test> <!-- Login App -->
  </suite> <!-- Positive Transaction flow -->
</testng-results>
